Copyright 1986-2019 Xilinx, Inc. All Rights Reserved.
------------------------------------------------------------------------------------
| Tool Version : Vivado v.2019.2 (win64) Build 2708876 Wed Nov  6 21:40:23 MST 2019
| Date         : Wed Jul  8 16:10:00 2020
| Host         : DESKTOP-DS21IC9 running 64-bit major release  (build 9200)
| Command      : upgrade_ip
| Device       : xc7a100tcsg324-1
------------------------------------------------------------------------------------

Upgrade Log for IP 'periph_design_PearsonHashing128Per_0_0'

1. Summary
----------

SUCCESS in the upgrade of periph_design_PearsonHashing128Per_0_0 (xilinx.com:user:PearsonHashing128Peripheral:1.0) from (Rev. 9) to (Rev. 11)






Copyright 1986-2019 Xilinx, Inc. All Rights Reserved.
------------------------------------------------------------------------------------
| Tool Version : Vivado v.2019.2 (win64) Build 2708876 Wed Nov  6 21:40:23 MST 2019
| Date         : Wed Jul  8 15:33:01 2020
| Host         : DESKTOP-DS21IC9 running 64-bit major release  (build 9200)
| Command      : upgrade_ip
| Device       : xc7a100tcsg324-1
------------------------------------------------------------------------------------

Upgrade Log for IP 'periph_design_PearsonHashing128Per_0_0'

1. Summary
----------

SUCCESS in the upgrade of periph_design_PearsonHashing128Per_0_0 (xilinx.com:user:PearsonHashing128Peripheral:1.0) from (Rev. 8) to (Rev. 9)

