#-----------------------------------------------------------
# Vivado v2019.2 (64-bit)
# SW Build 2708876 on Wed Nov  6 21:40:23 MST 2019
# IP Build 2700528 on Thu Nov  7 00:09:20 MST 2019
# Start of session at: Mon Jul 13 03:15:23 2020
# Process ID: 12156
# Current directory: C:/HwAssistedWhosWho/PearsonHashing128PeripheralSim
# Command line: vivado.exe -gui_launcher_event rodinguilauncherevent16892 C:\HwAssistedWhosWho\PearsonHashing128PeripheralSim\PearsonHashing128PeripheralSim.xpr
# Log file: C:/HwAssistedWhosWho/PearsonHashing128PeripheralSim/vivado.log
# Journal file: C:/HwAssistedWhosWho/PearsonHashing128PeripheralSim\vivado.jou
#-----------------------------------------------------------
start_gui
open_project C:/HwAssistedWhosWho/PearsonHashing128PeripheralSim/PearsonHashing128PeripheralSim.xpr
Scanning sources...
Finished scanning sources
INFO: [IP_Flow 19-234] Refreshing IP repositories
INFO: [IP_Flow 19-1700] Loaded user IP repository 'c:/CR/projects/ip_repo'.
INFO: [IP_Flow 19-1700] Loaded user IP repository 'c:/HwAssistedWhosWho/ip_repo'.
INFO: [IP_Flow 19-2313] Loaded Vivado IP repository 'C:/Xilinx/Vivado/2019.2/data/ip'.
WARNING: [BD 41-1661] One or more IPs have been locked in the design 'periph_design.bd'. Please run report_ip_status for more details and recommendations on how to fix this issue.
List of locked IPs:
periph_design_PearsonHashing128Per_0_0

open_project: Time (s): cpu = 00:00:16 ; elapsed = 00:00:09 . Memory (MB): peak = 1264.465 ; gain = 286.758
update_compile_order -fileset sources_1
reset_run synth_1
config_ip_cache -clear_output_repo
exit
INFO: [Common 17-206] Exiting Vivado at Mon Jul 13 03:27:08 2020...
