TRACE::2020-07-13.01:58:21::SCWPlatform::Trying to open the hw design at G:/CR_Praticas/A7/agoravaiser/hw/agoravaiser.xsa
TRACE::2020-07-13.01:58:21::SCWPlatform::DSA given G:/CR_Praticas/A7/agoravaiser/hw/agoravaiser.xsa
TRACE::2020-07-13.01:58:21::SCWPlatform::DSA absoulate path G:/CR_Praticas/A7/agoravaiser/hw/agoravaiser.xsa
TRACE::2020-07-13.01:58:21::SCWPlatform::DSA directory G:/CR_Praticas/A7/agoravaiser/hw
TRACE::2020-07-13.01:58:21::SCWPlatform:: Platform Path G:/CR_Praticas/A7/agoravaiser/hw/agoravaiser.xsa
TRACE::2020-07-13.01:58:21::SCWPlatform:: Unique name xilinx:nexys4::0.0
TRACE::2020-07-13.01:58:21::SCWPlatform::Do not have an existing db opened. 
TRACE::2020-07-13.01:58:22::SCWPlatform::Opened new HwDB with name mb_design_wrapper_24
TRACE::2020-07-13.01:58:22::SCWWriter::formatted JSON is {
	"platformName":	"agoravaiser",
	"sprVersion":	"2.0",
	"mode":	"gui",
	"dsaType":	"Fixed",
	"platformDesc":	"agoravaiser",
	"platHandOff":	"E:/lixo7/agoravaiser.xsa",
	"platIntHandOff":	"<platformDir>/hw/agoravaiser.xsa",
	"deviceType":	"FPGA",
	"platIsPrebuiltAutogen":	"false",
	"platIsNoBootBsp":	"false",
	"hasFsblMakeHasChanges":	"false",
	"hasPmufwMakeHasChanges":	"false",
	"platPreBuiltFlag":	false,
	"platformSamplesDir":	""
}
TRACE::2020-07-13.01:58:22::SCWWriter::formatted JSON is {
	"platformName":	"agoravaiser",
	"sprVersion":	"2.0",
	"mode":	"gui",
	"dsaType":	"Fixed",
	"platformDesc":	"agoravaiser",
	"platHandOff":	"E:/lixo7/agoravaiser.xsa",
	"platIntHandOff":	"<platformDir>/hw/agoravaiser.xsa",
	"deviceType":	"FPGA",
	"platIsPrebuiltAutogen":	"false",
	"platIsNoBootBsp":	"false",
	"hasFsblMakeHasChanges":	"false",
	"hasPmufwMakeHasChanges":	"false",
	"platPreBuiltFlag":	false,
	"platformSamplesDir":	"",
	"platActiveSys":	"agoravaiser",
	"systems":	[{
			"systemName":	"agoravaiser",
			"systemDesc":	"agoravaiser",
			"sysIsBootAutoGen":	"true",
			"systemDispName":	"agoravaiser"
		}]
}
TRACE::2020-07-13.01:58:22::SCWPlatform::Boot application domains not present, creating them
TRACE::2020-07-13.01:58:22::SCWPlatform::Pure FPGA device, no boot application will be created.
TRACE::2020-07-13.01:58:22::SCWWriter::formatted JSON is {
	"platformName":	"agoravaiser",
	"sprVersion":	"2.0",
	"mode":	"gui",
	"dsaType":	"Fixed",
	"platformDesc":	"agoravaiser",
	"platHandOff":	"E:/lixo7/agoravaiser.xsa",
	"platIntHandOff":	"<platformDir>/hw/agoravaiser.xsa",
	"deviceType":	"FPGA",
	"platIsPrebuiltAutogen":	"false",
	"platIsNoBootBsp":	"false",
	"hasFsblMakeHasChanges":	"false",
	"hasPmufwMakeHasChanges":	"false",
	"platPreBuiltFlag":	false,
	"platformSamplesDir":	"",
	"platActiveSys":	"agoravaiser",
	"systems":	[{
			"systemName":	"agoravaiser",
			"systemDesc":	"agoravaiser",
			"sysIsBootAutoGen":	"true",
			"systemDispName":	"agoravaiser"
		}]
}
TRACE::2020-07-13.01:58:22::SCWWriter::formatted JSON is {
	"platformName":	"agoravaiser",
	"sprVersion":	"2.0",
	"mode":	"gui",
	"dsaType":	"Fixed",
	"platformDesc":	"agoravaiser",
	"platHandOff":	"E:/lixo7/agoravaiser.xsa",
	"platIntHandOff":	"<platformDir>/hw/agoravaiser.xsa",
	"deviceType":	"FPGA",
	"platIsPrebuiltAutogen":	"false",
	"platIsNoBootBsp":	"false",
	"hasFsblMakeHasChanges":	"false",
	"hasPmufwMakeHasChanges":	"false",
	"platPreBuiltFlag":	false,
	"platformSamplesDir":	"",
	"platActiveSys":	"agoravaiser",
	"systems":	[{
			"systemName":	"agoravaiser",
			"systemDesc":	"agoravaiser",
			"sysIsBootAutoGen":	"true",
			"systemDispName":	"agoravaiser"
		}]
}
TRACE::2020-07-13.01:58:32::SCWPlatform::Trying to open the hw design at G:/CR_Praticas/A7/agoravaiser/hw/agoravaiser.xsa
TRACE::2020-07-13.01:58:32::SCWPlatform::DSA given G:/CR_Praticas/A7/agoravaiser/hw/agoravaiser.xsa
TRACE::2020-07-13.01:58:32::SCWPlatform::DSA absoulate path G:/CR_Praticas/A7/agoravaiser/hw/agoravaiser.xsa
TRACE::2020-07-13.01:58:32::SCWPlatform::DSA directory G:/CR_Praticas/A7/agoravaiser/hw
TRACE::2020-07-13.01:58:32::SCWPlatform:: Platform Path G:/CR_Praticas/A7/agoravaiser/hw/agoravaiser.xsa
TRACE::2020-07-13.01:58:33::SCWPlatform:: Unique name xilinx:nexys4::0.0
TRACE::2020-07-13.01:58:33::SCWPlatform::Trying to set the existing hwdb with name mb_design_wrapper_24
TRACE::2020-07-13.01:58:33::SCWPlatform::Opened existing hwdb mb_design_wrapper_24
TRACE::2020-07-13.01:58:33::SCWPlatform::Found the Hw Db part of the input DSA
TRACE::2020-07-13.01:58:33::SCWDomain::checking for install qemu data   : 
TRACE::2020-07-13.01:58:33::SCWPlatform::Trying to open the hw design at G:/CR_Praticas/A7/agoravaiser/hw/agoravaiser.xsa
TRACE::2020-07-13.01:58:33::SCWPlatform::DSA given G:/CR_Praticas/A7/agoravaiser/hw/agoravaiser.xsa
TRACE::2020-07-13.01:58:33::SCWPlatform::DSA absoulate path G:/CR_Praticas/A7/agoravaiser/hw/agoravaiser.xsa
TRACE::2020-07-13.01:58:33::SCWPlatform::DSA directory G:/CR_Praticas/A7/agoravaiser/hw
TRACE::2020-07-13.01:58:33::SCWPlatform:: Platform Path G:/CR_Praticas/A7/agoravaiser/hw/agoravaiser.xsa
TRACE::2020-07-13.01:58:33::SCWPlatform:: Unique name xilinx:nexys4::0.0
TRACE::2020-07-13.01:58:33::SCWPlatform::Trying to set the existing hwdb with name mb_design_wrapper_24
TRACE::2020-07-13.01:58:33::SCWPlatform::Opened existing hwdb mb_design_wrapper_24
TRACE::2020-07-13.01:58:33::SCWPlatform::Found the Hw Db part of the input DSA
TRACE::2020-07-13.01:58:33::SCWPlatform::Trying to open the hw design at G:/CR_Praticas/A7/agoravaiser/hw/agoravaiser.xsa
TRACE::2020-07-13.01:58:33::SCWPlatform::DSA given G:/CR_Praticas/A7/agoravaiser/hw/agoravaiser.xsa
TRACE::2020-07-13.01:58:33::SCWPlatform::DSA absoulate path G:/CR_Praticas/A7/agoravaiser/hw/agoravaiser.xsa
TRACE::2020-07-13.01:58:33::SCWPlatform::DSA directory G:/CR_Praticas/A7/agoravaiser/hw
TRACE::2020-07-13.01:58:33::SCWPlatform:: Platform Path G:/CR_Praticas/A7/agoravaiser/hw/agoravaiser.xsa
TRACE::2020-07-13.01:58:33::SCWPlatform:: Unique name xilinx:nexys4::0.0
TRACE::2020-07-13.01:58:33::SCWPlatform::Trying to set the existing hwdb with name mb_design_wrapper_24
TRACE::2020-07-13.01:58:33::SCWPlatform::Opened existing hwdb mb_design_wrapper_24
TRACE::2020-07-13.01:58:33::SCWPlatform::Found the Hw Db part of the input DSA
TRACE::2020-07-13.01:58:33::SCWMssOS::Checking the sw design at  G:/CR_Praticas/A7/agoravaiser/microblaze_0/standalone_domain/bsp/system.mss
TRACE::2020-07-13.01:58:33::SCWMssOS::DEBUG:  swdes dump  G:/CR_Praticas/A7/almostfinalhw/microblaze_0/standalone_domain/bsp/system.mss|system_0||
G:/CR_Praticas/A7/mayberesetfixed/microblaze_0/standalone_domain/bsp/system.mss|system_2||
G:/CR_Praticas/A7/newresetdjb2/microblaze_0/standalone_domain/bsp/system.mss|system_1||
G:/CR_Praticas/A7/phashLiteStream_wrapper/microblaze_0/standalone_domain/bsp/system.mss|system||
G:/CR_Praticas/A7/veseistofunciona/microblaze_0/standalone_domain/bsp/system.mss|system_3||

TRACE::2020-07-13.01:58:33::SCWMssOS::No sw design opened at  G:/CR_Praticas/A7/agoravaiser/microblaze_0/standalone_domain/bsp/system.mss
TRACE::2020-07-13.01:58:33::SCWMssOS::mss does not exists at G:/CR_Praticas/A7/agoravaiser/microblaze_0/standalone_domain/bsp/system.mss
TRACE::2020-07-13.01:58:33::SCWMssOS::Creating sw design at  G:/CR_Praticas/A7/agoravaiser/microblaze_0/standalone_domain/bsp/system.mss
TRACE::2020-07-13.01:58:33::SCWMssOS::Adding the swdes entry, created swdb G:/CR_Praticas/A7/agoravaiser/microblaze_0/standalone_domain/bsp/system.mss with des name G:/CR_Praticas/A7/agoravaiser/microblaze_0/standalone_domain/bsp/system.mss
TRACE::2020-07-13.01:58:33::SCWMssOS::updating the scw layer changes to swdes at   G:/CR_Praticas/A7/agoravaiser/microblaze_0/standalone_domain/bsp/system.mss
TRACE::2020-07-13.01:58:33::SCWMssOS::Writing mss at G:/CR_Praticas/A7/agoravaiser/microblaze_0/standalone_domain/bsp/system.mss
TRACE::2020-07-13.01:58:33::SCWMssOS::Completed writing the mss file at G:/CR_Praticas/A7/agoravaiser/microblaze_0/standalone_domain/bsp
TRACE::2020-07-13.01:58:33::SCWMssOS::Picking up changes from newly written mss file into SCW Layer. 
TRACE::2020-07-13.01:58:34::SCWMssOS::Updated the changes from newly written mss file into SCW Layer. 
TRACE::2020-07-13.01:58:34::SCWPlatform::Trying to open the hw design at G:/CR_Praticas/A7/agoravaiser/hw/agoravaiser.xsa
TRACE::2020-07-13.01:58:34::SCWPlatform::DSA given G:/CR_Praticas/A7/agoravaiser/hw/agoravaiser.xsa
TRACE::2020-07-13.01:58:34::SCWPlatform::DSA absoulate path G:/CR_Praticas/A7/agoravaiser/hw/agoravaiser.xsa
TRACE::2020-07-13.01:58:34::SCWPlatform::DSA directory G:/CR_Praticas/A7/agoravaiser/hw
TRACE::2020-07-13.01:58:34::SCWPlatform:: Platform Path G:/CR_Praticas/A7/agoravaiser/hw/agoravaiser.xsa
TRACE::2020-07-13.01:58:34::SCWPlatform:: Unique name xilinx:nexys4::0.0
TRACE::2020-07-13.01:58:34::SCWPlatform::Trying to set the existing hwdb with name mb_design_wrapper_24
TRACE::2020-07-13.01:58:34::SCWPlatform::Opened existing hwdb mb_design_wrapper_24
TRACE::2020-07-13.01:58:34::SCWPlatform::Found the Hw Db part of the input DSA
TRACE::2020-07-13.01:58:34::SCWMssOS::Checking the sw design at  G:/CR_Praticas/A7/agoravaiser/microblaze_0/standalone_domain/bsp/system.mss
TRACE::2020-07-13.01:58:34::SCWMssOS::DEBUG:  swdes dump  G:/CR_Praticas/A7/agoravaiser/microblaze_0/standalone_domain/bsp/system.mss|G:/CR_Praticas/A7/agoravaiser/microblaze_0/standalone_domain/bsp/system.mss||
G:/CR_Praticas/A7/almostfinalhw/microblaze_0/standalone_domain/bsp/system.mss|system_0||
G:/CR_Praticas/A7/mayberesetfixed/microblaze_0/standalone_domain/bsp/system.mss|system_2||
G:/CR_Praticas/A7/newresetdjb2/microblaze_0/standalone_domain/bsp/system.mss|system_1||
G:/CR_Praticas/A7/phashLiteStream_wrapper/microblaze_0/standalone_domain/bsp/system.mss|system||
G:/CR_Praticas/A7/veseistofunciona/microblaze_0/standalone_domain/bsp/system.mss|system_3||

TRACE::2020-07-13.01:58:34::SCWMssOS::Sw design exists and opened at  G:/CR_Praticas/A7/agoravaiser/microblaze_0/standalone_domain/bsp/system.mss
TRACE::2020-07-13.01:58:34::SCWPlatform::Trying to open the hw design at G:/CR_Praticas/A7/agoravaiser/hw/agoravaiser.xsa
TRACE::2020-07-13.01:58:34::SCWPlatform::DSA given G:/CR_Praticas/A7/agoravaiser/hw/agoravaiser.xsa
TRACE::2020-07-13.01:58:34::SCWPlatform::DSA absoulate path G:/CR_Praticas/A7/agoravaiser/hw/agoravaiser.xsa
TRACE::2020-07-13.01:58:34::SCWPlatform::DSA directory G:/CR_Praticas/A7/agoravaiser/hw
TRACE::2020-07-13.01:58:34::SCWPlatform:: Platform Path G:/CR_Praticas/A7/agoravaiser/hw/agoravaiser.xsa
TRACE::2020-07-13.01:58:34::SCWPlatform:: Unique name xilinx:nexys4::0.0
TRACE::2020-07-13.01:58:34::SCWPlatform::Trying to set the existing hwdb with name mb_design_wrapper_24
TRACE::2020-07-13.01:58:34::SCWPlatform::Opened existing hwdb mb_design_wrapper_24
TRACE::2020-07-13.01:58:34::SCWPlatform::Found the Hw Db part of the input DSA
TRACE::2020-07-13.01:58:34::SCWMssOS::Checking the sw design at  G:/CR_Praticas/A7/agoravaiser/microblaze_0/standalone_domain/bsp/system.mss
TRACE::2020-07-13.01:58:34::SCWMssOS::DEBUG:  swdes dump  G:/CR_Praticas/A7/agoravaiser/microblaze_0/standalone_domain/bsp/system.mss|G:/CR_Praticas/A7/agoravaiser/microblaze_0/standalone_domain/bsp/system.mss||
G:/CR_Praticas/A7/almostfinalhw/microblaze_0/standalone_domain/bsp/system.mss|system_0||
G:/CR_Praticas/A7/mayberesetfixed/microblaze_0/standalone_domain/bsp/system.mss|system_2||
G:/CR_Praticas/A7/newresetdjb2/microblaze_0/standalone_domain/bsp/system.mss|system_1||
G:/CR_Praticas/A7/phashLiteStream_wrapper/microblaze_0/standalone_domain/bsp/system.mss|system||
G:/CR_Praticas/A7/veseistofunciona/microblaze_0/standalone_domain/bsp/system.mss|system_3||

TRACE::2020-07-13.01:58:34::SCWMssOS::Sw design exists and opened at  G:/CR_Praticas/A7/agoravaiser/microblaze_0/standalone_domain/bsp/system.mss
TRACE::2020-07-13.01:58:34::SCWPlatform::Trying to open the hw design at G:/CR_Praticas/A7/agoravaiser/hw/agoravaiser.xsa
TRACE::2020-07-13.01:58:34::SCWPlatform::DSA given G:/CR_Praticas/A7/agoravaiser/hw/agoravaiser.xsa
TRACE::2020-07-13.01:58:34::SCWPlatform::DSA absoulate path G:/CR_Praticas/A7/agoravaiser/hw/agoravaiser.xsa
TRACE::2020-07-13.01:58:34::SCWPlatform::DSA directory G:/CR_Praticas/A7/agoravaiser/hw
TRACE::2020-07-13.01:58:34::SCWPlatform:: Platform Path G:/CR_Praticas/A7/agoravaiser/hw/agoravaiser.xsa
TRACE::2020-07-13.01:58:34::SCWPlatform:: Unique name xilinx:nexys4::0.0
TRACE::2020-07-13.01:58:34::SCWPlatform::Trying to set the existing hwdb with name mb_design_wrapper_24
TRACE::2020-07-13.01:58:34::SCWPlatform::Opened existing hwdb mb_design_wrapper_24
TRACE::2020-07-13.01:58:34::SCWPlatform::Found the Hw Db part of the input DSA
TRACE::2020-07-13.01:58:34::SCWMssOS::Checking the sw design at  G:/CR_Praticas/A7/agoravaiser/microblaze_0/standalone_domain/bsp/system.mss
TRACE::2020-07-13.01:58:34::SCWMssOS::DEBUG:  swdes dump  G:/CR_Praticas/A7/agoravaiser/microblaze_0/standalone_domain/bsp/system.mss|G:/CR_Praticas/A7/agoravaiser/microblaze_0/standalone_domain/bsp/system.mss||
G:/CR_Praticas/A7/almostfinalhw/microblaze_0/standalone_domain/bsp/system.mss|system_0||
G:/CR_Praticas/A7/mayberesetfixed/microblaze_0/standalone_domain/bsp/system.mss|system_2||
G:/CR_Praticas/A7/newresetdjb2/microblaze_0/standalone_domain/bsp/system.mss|system_1||
G:/CR_Praticas/A7/phashLiteStream_wrapper/microblaze_0/standalone_domain/bsp/system.mss|system||
G:/CR_Praticas/A7/veseistofunciona/microblaze_0/standalone_domain/bsp/system.mss|system_3||

TRACE::2020-07-13.01:58:34::SCWMssOS::Sw design exists and opened at  G:/CR_Praticas/A7/agoravaiser/microblaze_0/standalone_domain/bsp/system.mss
TRACE::2020-07-13.01:58:34::SCWWriter::formatted JSON is {
	"platformName":	"agoravaiser",
	"sprVersion":	"2.0",
	"mode":	"gui",
	"dsaType":	"Fixed",
	"platformDesc":	"agoravaiser",
	"platHandOff":	"E:/lixo7/agoravaiser.xsa",
	"platIntHandOff":	"<platformDir>/hw/agoravaiser.xsa",
	"deviceType":	"FPGA",
	"platIsPrebuiltAutogen":	"false",
	"platIsNoBootBsp":	"false",
	"hasFsblMakeHasChanges":	"false",
	"hasPmufwMakeHasChanges":	"false",
	"platPreBuiltFlag":	false,
	"platformSamplesDir":	"",
	"platActiveSys":	"agoravaiser",
	"systems":	[{
			"systemName":	"agoravaiser",
			"systemDesc":	"agoravaiser",
			"sysIsBootAutoGen":	"true",
			"systemDispName":	"agoravaiser",
			"sysActiveDom":	"standalone_domain",
			"sysDefaultDom":	"standalone_domain",
			"domains":	[{
					"domainName":	"standalone_domain",
					"domainDispName":	"standalone on microblaze_0",
					"domainDesc":	"standalone_domain",
					"processors":	"microblaze_0",
					"os":	"standalone",
					"sdxOs":	"standalone",
					"debugEnable":	"False",
					"domRuntimes":	["cpp"],
					"swRepo":	"",
					"mssOsVer":	"7.1",
					"mssFile":	"",
					"md5Digest":	"",
					"compatibleApp":	"hello_world",
					"domType":	"mssDomain",
					"arch":	"32-bit",
					"appSettings":	{
						"appCompilerFlags":	"",
						"appLinkerFlags":	""
					},
					"addedLibs":	[],
					"libOptions":	{
						"libsContainingOptions":	[]
					},
					"prebuiltLibs":	{
						"prebuiltIncPath":	[],
						"prebuiltLibPath":	[]
					},
					"isolation":	{
					}
				}]
		}]
}
TRACE::2020-07-13.01:58:34::SCWPlatform::Trying to open the hw design at G:/CR_Praticas/A7/agoravaiser/hw/agoravaiser.xsa
TRACE::2020-07-13.01:58:34::SCWPlatform::DSA given G:/CR_Praticas/A7/agoravaiser/hw/agoravaiser.xsa
TRACE::2020-07-13.01:58:35::SCWPlatform::DSA absoulate path G:/CR_Praticas/A7/agoravaiser/hw/agoravaiser.xsa
TRACE::2020-07-13.01:58:35::SCWPlatform::DSA directory G:/CR_Praticas/A7/agoravaiser/hw
TRACE::2020-07-13.01:58:35::SCWPlatform:: Platform Path G:/CR_Praticas/A7/agoravaiser/hw/agoravaiser.xsa
TRACE::2020-07-13.01:58:35::SCWPlatform:: Unique name xilinx:nexys4::0.0
TRACE::2020-07-13.01:58:35::SCWPlatform::Trying to set the existing hwdb with name mb_design_wrapper_24
TRACE::2020-07-13.01:58:35::SCWPlatform::Opened existing hwdb mb_design_wrapper_24
TRACE::2020-07-13.01:58:35::SCWPlatform::Found the Hw Db part of the input DSA
TRACE::2020-07-13.01:58:35::SCWMssOS::Checking the sw design at  G:/CR_Praticas/A7/agoravaiser/microblaze_0/standalone_domain/bsp/system.mss
TRACE::2020-07-13.01:58:35::SCWMssOS::DEBUG:  swdes dump  G:/CR_Praticas/A7/agoravaiser/microblaze_0/standalone_domain/bsp/system.mss|G:/CR_Praticas/A7/agoravaiser/microblaze_0/standalone_domain/bsp/system.mss||
G:/CR_Praticas/A7/almostfinalhw/microblaze_0/standalone_domain/bsp/system.mss|system_0||
G:/CR_Praticas/A7/mayberesetfixed/microblaze_0/standalone_domain/bsp/system.mss|system_2||
G:/CR_Praticas/A7/newresetdjb2/microblaze_0/standalone_domain/bsp/system.mss|system_1||
G:/CR_Praticas/A7/phashLiteStream_wrapper/microblaze_0/standalone_domain/bsp/system.mss|system||
G:/CR_Praticas/A7/veseistofunciona/microblaze_0/standalone_domain/bsp/system.mss|system_3||

TRACE::2020-07-13.01:58:35::SCWMssOS::Sw design exists and opened at  G:/CR_Praticas/A7/agoravaiser/microblaze_0/standalone_domain/bsp/system.mss
TRACE::2020-07-13.01:58:35::SCWMssOS::Completed writing the mss file at G:/CR_Praticas/A7/agoravaiser/microblaze_0/standalone_domain/bsp
TRACE::2020-07-13.01:58:35::SCWMssOS::Forcing BSP Sources regeneration.
LOG::2020-07-13.01:58:46::SCWPlatform::Started generating the artifacts platform agoravaiser
TRACE::2020-07-13.01:58:46::SCWPlatform::Sanity checking of platform is completed
LOG::2020-07-13.01:58:46::SCWPlatform::Started generating the artifacts for system configuration agoravaiser
LOG::2020-07-13.01:58:46::SCWSystem::Checking the domain standalone_domain
LOG::2020-07-13.01:58:46::SCWSystem::Not a boot domain 
LOG::2020-07-13.01:58:46::SCWSystem::Started Processing the domain standalone_domain
TRACE::2020-07-13.01:58:46::SCWDomain::Generating domain artifcats
TRACE::2020-07-13.01:58:46::SCWMssOS::Generating standalone artifcats
TRACE::2020-07-13.01:58:46::SCWMssOS:: Copying the user libraries. 
TRACE::2020-07-13.01:58:46::SCWPlatform::Trying to open the hw design at G:/CR_Praticas/A7/agoravaiser/hw/agoravaiser.xsa
TRACE::2020-07-13.01:58:46::SCWPlatform::DSA given G:/CR_Praticas/A7/agoravaiser/hw/agoravaiser.xsa
TRACE::2020-07-13.01:58:46::SCWPlatform::DSA absoulate path G:/CR_Praticas/A7/agoravaiser/hw/agoravaiser.xsa
TRACE::2020-07-13.01:58:46::SCWPlatform::DSA directory G:/CR_Praticas/A7/agoravaiser/hw
TRACE::2020-07-13.01:58:46::SCWPlatform:: Platform Path G:/CR_Praticas/A7/agoravaiser/hw/agoravaiser.xsa
TRACE::2020-07-13.01:58:46::SCWPlatform:: Unique name xilinx:nexys4::0.0
TRACE::2020-07-13.01:58:46::SCWPlatform::Trying to set the existing hwdb with name mb_design_wrapper_24
TRACE::2020-07-13.01:58:46::SCWPlatform::Opened existing hwdb mb_design_wrapper_24
TRACE::2020-07-13.01:58:46::SCWPlatform::Found the Hw Db part of the input DSA
TRACE::2020-07-13.01:58:46::SCWMssOS::Checking the sw design at  G:/CR_Praticas/A7/agoravaiser/microblaze_0/standalone_domain/bsp/system.mss
TRACE::2020-07-13.01:58:46::SCWMssOS::DEBUG:  swdes dump  G:/CR_Praticas/A7/agoravaiser/microblaze_0/standalone_domain/bsp/system.mss|G:/CR_Praticas/A7/agoravaiser/microblaze_0/standalone_domain/bsp/system.mss||
G:/CR_Praticas/A7/almostfinalhw/microblaze_0/standalone_domain/bsp/system.mss|system_0||
G:/CR_Praticas/A7/mayberesetfixed/microblaze_0/standalone_domain/bsp/system.mss|system_2||
G:/CR_Praticas/A7/newresetdjb2/microblaze_0/standalone_domain/bsp/system.mss|system_1||
G:/CR_Praticas/A7/phashLiteStream_wrapper/microblaze_0/standalone_domain/bsp/system.mss|system||
G:/CR_Praticas/A7/veseistofunciona/microblaze_0/standalone_domain/bsp/system.mss|system_3||

KEYINFO::2020-07-13.01:58:46::SCWMssOS::Could not open the swdb for G:/CR_Praticas/A7/agoravaiser/microblaze_0/standalone_domain/bsp/system.mss
KEYINFO::2020-07-13.01:58:46::SCWMssOS::Could not open the sw design at  G:/CR_Praticas/A7/agoravaiser/microblaze_0/standalone_domain/bsp/system.mss
ERROR: [Hsi 55-1558] Software Design G:/CR_Praticas/A7/agoravaiser/microblaze_0/standalone_domain/bsp/system.mss is not found

TRACE::2020-07-13.01:58:46::SCWMssOS::Cleared the swdb table entry
TRACE::2020-07-13.01:58:46::SCWMssOS::No sw design opened at  G:/CR_Praticas/A7/agoravaiser/microblaze_0/standalone_domain/bsp/system.mss
TRACE::2020-07-13.01:58:46::SCWMssOS::mss exists loading the mss file  G:/CR_Praticas/A7/agoravaiser/microblaze_0/standalone_domain/bsp/system.mss
TRACE::2020-07-13.01:58:46::SCWMssOS::Opened the sw design from mss  G:/CR_Praticas/A7/agoravaiser/microblaze_0/standalone_domain/bsp/system.mss
TRACE::2020-07-13.01:58:46::SCWMssOS::Adding the swdes entry G:/CR_Praticas/A7/agoravaiser/microblaze_0/standalone_domain/bsp/system.mss with des name system_4
TRACE::2020-07-13.01:58:46::SCWMssOS::updating the scw layer about changes
TRACE::2020-07-13.01:58:47::SCWMssOS::Opened the sw design.  G:/CR_Praticas/A7/agoravaiser/microblaze_0/standalone_domain/bsp/system.mss
TRACE::2020-07-13.01:58:47::SCWMssOS::Completed writing the mss file at G:/CR_Praticas/A7/agoravaiser/microblaze_0/standalone_domain/bsp
TRACE::2020-07-13.01:58:47::SCWMssOS::Mss edits present, copying mssfile into export location G:/CR_Praticas/A7/agoravaiser/microblaze_0/standalone_domain/bsp/system.mss
TRACE::2020-07-13.01:58:47::SCWMssOS::bsp generated is upto date with the mss file. Skipping bsp generation.
TRACE::2020-07-13.01:58:47::SCWMssOS::BSP is already built. skipping the bsp build ... 
TRACE::2020-07-13.01:58:47::SCWDomain::Skipping the build for domain :  standalone_domain
TRACE::2020-07-13.01:58:47::SCWMssOS::skipping the bsp build ... 
TRACE::2020-07-13.01:58:47::SCWMssOS::Copying to export directory.
TRACE::2020-07-13.01:58:47::SCWMssOS:: Checking if to create the Supporting Applications
TRACE::2020-07-13.01:58:47::SCWMssOS:: No Linux domain exists, trying to generate FSBL 
LOG::2020-07-13.01:58:47::SCWSystem::Completed Processing the domain standalone_domain
LOG::2020-07-13.01:58:47::SCWSystem::Completed Processing the sysconfig agoravaiser
LOG::2020-07-13.01:58:47::SCWPlatform::Completed generating the artifacts for system configuration agoravaiser
TRACE::2020-07-13.01:58:47::SCWPlatform::Started preparing the platform 
TRACE::2020-07-13.01:58:47::SCWSystem::Writing the bif file for system config agoravaiser
TRACE::2020-07-13.01:58:47::SCWSystem::dir created 
TRACE::2020-07-13.01:58:47::SCWSystem::Writing the bif 
TRACE::2020-07-13.01:58:47::SCWPlatform::Started writing the spfm file 
TRACE::2020-07-13.01:58:48::SCWPlatform::Started writing the xpfm file 
TRACE::2020-07-13.01:58:48::SCWPlatform::Completed generating the platform
TRACE::2020-07-13.01:58:48::SCWPlatform::Trying to open the hw design at G:/CR_Praticas/A7/agoravaiser/hw/agoravaiser.xsa
TRACE::2020-07-13.01:58:48::SCWPlatform::DSA given G:/CR_Praticas/A7/agoravaiser/hw/agoravaiser.xsa
TRACE::2020-07-13.01:58:48::SCWPlatform::DSA absoulate path G:/CR_Praticas/A7/agoravaiser/hw/agoravaiser.xsa
TRACE::2020-07-13.01:58:48::SCWPlatform::DSA directory G:/CR_Praticas/A7/agoravaiser/hw
TRACE::2020-07-13.01:58:48::SCWPlatform:: Platform Path G:/CR_Praticas/A7/agoravaiser/hw/agoravaiser.xsa
TRACE::2020-07-13.01:58:48::SCWPlatform:: Unique name xilinx:nexys4::0.0
TRACE::2020-07-13.01:58:48::SCWPlatform::Trying to set the existing hwdb with name mb_design_wrapper_24
TRACE::2020-07-13.01:58:48::SCWPlatform::Opened existing hwdb mb_design_wrapper_24
TRACE::2020-07-13.01:58:48::SCWPlatform::Found the Hw Db part of the input DSA
TRACE::2020-07-13.01:58:48::SCWMssOS::Checking the sw design at  G:/CR_Praticas/A7/agoravaiser/microblaze_0/standalone_domain/bsp/system.mss
TRACE::2020-07-13.01:58:48::SCWMssOS::DEBUG:  swdes dump  G:/CR_Praticas/A7/agoravaiser/microblaze_0/standalone_domain/bsp/system.mss|system_4||
G:/CR_Praticas/A7/almostfinalhw/microblaze_0/standalone_domain/bsp/system.mss|system_0||
G:/CR_Praticas/A7/mayberesetfixed/microblaze_0/standalone_domain/bsp/system.mss|system_2||
G:/CR_Praticas/A7/newresetdjb2/microblaze_0/standalone_domain/bsp/system.mss|system_1||
G:/CR_Praticas/A7/phashLiteStream_wrapper/microblaze_0/standalone_domain/bsp/system.mss|system||
G:/CR_Praticas/A7/veseistofunciona/microblaze_0/standalone_domain/bsp/system.mss|system_3||

TRACE::2020-07-13.01:58:48::SCWMssOS::Sw design exists and opened at  G:/CR_Praticas/A7/agoravaiser/microblaze_0/standalone_domain/bsp/system.mss
TRACE::2020-07-13.01:58:48::SCWPlatform::Trying to open the hw design at G:/CR_Praticas/A7/agoravaiser/hw/agoravaiser.xsa
TRACE::2020-07-13.01:58:48::SCWPlatform::DSA given G:/CR_Praticas/A7/agoravaiser/hw/agoravaiser.xsa
TRACE::2020-07-13.01:58:48::SCWPlatform::DSA absoulate path G:/CR_Praticas/A7/agoravaiser/hw/agoravaiser.xsa
TRACE::2020-07-13.01:58:48::SCWPlatform::DSA directory G:/CR_Praticas/A7/agoravaiser/hw
TRACE::2020-07-13.01:58:48::SCWPlatform:: Platform Path G:/CR_Praticas/A7/agoravaiser/hw/agoravaiser.xsa
TRACE::2020-07-13.01:58:48::SCWPlatform:: Unique name xilinx:nexys4::0.0
TRACE::2020-07-13.01:58:49::SCWPlatform::Trying to set the existing hwdb with name mb_design_wrapper_24
TRACE::2020-07-13.01:58:49::SCWPlatform::Opened existing hwdb mb_design_wrapper_24
TRACE::2020-07-13.01:58:49::SCWPlatform::Found the Hw Db part of the input DSA
TRACE::2020-07-13.01:58:49::SCWMssOS::Checking the sw design at  G:/CR_Praticas/A7/agoravaiser/microblaze_0/standalone_domain/bsp/system.mss
TRACE::2020-07-13.01:58:49::SCWMssOS::DEBUG:  swdes dump  G:/CR_Praticas/A7/agoravaiser/microblaze_0/standalone_domain/bsp/system.mss|system_4||
G:/CR_Praticas/A7/almostfinalhw/microblaze_0/standalone_domain/bsp/system.mss|system_0||
G:/CR_Praticas/A7/mayberesetfixed/microblaze_0/standalone_domain/bsp/system.mss|system_2||
G:/CR_Praticas/A7/newresetdjb2/microblaze_0/standalone_domain/bsp/system.mss|system_1||
G:/CR_Praticas/A7/phashLiteStream_wrapper/microblaze_0/standalone_domain/bsp/system.mss|system||
G:/CR_Praticas/A7/veseistofunciona/microblaze_0/standalone_domain/bsp/system.mss|system_3||

TRACE::2020-07-13.01:58:49::SCWMssOS::Sw design exists and opened at  G:/CR_Praticas/A7/agoravaiser/microblaze_0/standalone_domain/bsp/system.mss
TRACE::2020-07-13.01:58:49::SCWPlatform::Trying to open the hw design at G:/CR_Praticas/A7/agoravaiser/hw/agoravaiser.xsa
TRACE::2020-07-13.01:58:49::SCWPlatform::DSA given G:/CR_Praticas/A7/agoravaiser/hw/agoravaiser.xsa
TRACE::2020-07-13.01:58:49::SCWPlatform::DSA absoulate path G:/CR_Praticas/A7/agoravaiser/hw/agoravaiser.xsa
TRACE::2020-07-13.01:58:49::SCWPlatform::DSA directory G:/CR_Praticas/A7/agoravaiser/hw
TRACE::2020-07-13.01:58:49::SCWPlatform:: Platform Path G:/CR_Praticas/A7/agoravaiser/hw/agoravaiser.xsa
TRACE::2020-07-13.01:58:49::SCWPlatform:: Unique name xilinx:nexys4::0.0
TRACE::2020-07-13.01:58:49::SCWPlatform::Trying to set the existing hwdb with name mb_design_wrapper_24
TRACE::2020-07-13.01:58:49::SCWPlatform::Opened existing hwdb mb_design_wrapper_24
TRACE::2020-07-13.01:58:49::SCWPlatform::Found the Hw Db part of the input DSA
TRACE::2020-07-13.01:58:49::SCWMssOS::Checking the sw design at  G:/CR_Praticas/A7/agoravaiser/microblaze_0/standalone_domain/bsp/system.mss
TRACE::2020-07-13.01:58:49::SCWMssOS::DEBUG:  swdes dump  G:/CR_Praticas/A7/agoravaiser/microblaze_0/standalone_domain/bsp/system.mss|system_4||
G:/CR_Praticas/A7/almostfinalhw/microblaze_0/standalone_domain/bsp/system.mss|system_0||
G:/CR_Praticas/A7/mayberesetfixed/microblaze_0/standalone_domain/bsp/system.mss|system_2||
G:/CR_Praticas/A7/newresetdjb2/microblaze_0/standalone_domain/bsp/system.mss|system_1||
G:/CR_Praticas/A7/phashLiteStream_wrapper/microblaze_0/standalone_domain/bsp/system.mss|system||
G:/CR_Praticas/A7/veseistofunciona/microblaze_0/standalone_domain/bsp/system.mss|system_3||

TRACE::2020-07-13.01:58:49::SCWMssOS::Sw design exists and opened at  G:/CR_Praticas/A7/agoravaiser/microblaze_0/standalone_domain/bsp/system.mss
TRACE::2020-07-13.01:58:49::SCWWriter::formatted JSON is {
	"platformName":	"agoravaiser",
	"sprVersion":	"2.0",
	"mode":	"gui",
	"dsaType":	"Fixed",
	"platformDesc":	"agoravaiser",
	"platHandOff":	"E:/lixo7/agoravaiser.xsa",
	"platIntHandOff":	"<platformDir>/hw/agoravaiser.xsa",
	"deviceType":	"FPGA",
	"platIsPrebuiltAutogen":	"false",
	"platIsNoBootBsp":	"false",
	"hasFsblMakeHasChanges":	"false",
	"hasPmufwMakeHasChanges":	"false",
	"platPreBuiltFlag":	false,
	"platformSamplesDir":	"",
	"platActiveSys":	"agoravaiser",
	"systems":	[{
			"systemName":	"agoravaiser",
			"systemDesc":	"agoravaiser",
			"sysIsBootAutoGen":	"true",
			"systemDispName":	"agoravaiser",
			"sysActiveDom":	"standalone_domain",
			"sysDefaultDom":	"standalone_domain",
			"domains":	[{
					"domainName":	"standalone_domain",
					"domainDispName":	"standalone on microblaze_0",
					"domainDesc":	"standalone_domain",
					"processors":	"microblaze_0",
					"os":	"standalone",
					"sdxOs":	"standalone",
					"debugEnable":	"False",
					"domRuntimes":	["cpp"],
					"swRepo":	"",
					"mssOsVer":	"7.1",
					"mssFile":	"",
					"md5Digest":	"568a8035ff65a4ddc76de131160135eb",
					"compatibleApp":	"hello_world",
					"domType":	"mssDomain",
					"arch":	"32-bit",
					"appSettings":	{
						"appCompilerFlags":	"",
						"appLinkerFlags":	""
					},
					"addedLibs":	[],
					"libOptions":	{
						"libsContainingOptions":	[]
					},
					"prebuiltLibs":	{
						"prebuiltIncPath":	[],
						"prebuiltLibPath":	[]
					},
					"isolation":	{
					}
				}]
		}]
}
KEYINFO::2020-07-13.01:58:49::SCWPlatform::updated the xpfm file.
TRACE::2020-07-13.01:58:50::SCWPlatform::Trying to open the hw design at G:/CR_Praticas/A7/agoravaiser/hw/agoravaiser.xsa
TRACE::2020-07-13.01:58:50::SCWPlatform::DSA given G:/CR_Praticas/A7/agoravaiser/hw/agoravaiser.xsa
TRACE::2020-07-13.01:58:50::SCWPlatform::DSA absoulate path G:/CR_Praticas/A7/agoravaiser/hw/agoravaiser.xsa
TRACE::2020-07-13.01:58:50::SCWPlatform::DSA directory G:/CR_Praticas/A7/agoravaiser/hw
TRACE::2020-07-13.01:58:50::SCWPlatform:: Platform Path G:/CR_Praticas/A7/agoravaiser/hw/agoravaiser.xsa
TRACE::2020-07-13.01:58:50::SCWPlatform:: Unique name xilinx:nexys4::0.0
TRACE::2020-07-13.01:58:50::SCWPlatform::Trying to set the existing hwdb with name mb_design_wrapper_24
TRACE::2020-07-13.01:58:50::SCWPlatform::Opened existing hwdb mb_design_wrapper_24
TRACE::2020-07-13.01:58:50::SCWPlatform::Found the Hw Db part of the input DSA
TRACE::2020-07-13.01:58:50::SCWMssOS::Checking the sw design at  G:/CR_Praticas/A7/agoravaiser/microblaze_0/standalone_domain/bsp/system.mss
TRACE::2020-07-13.01:58:50::SCWMssOS::DEBUG:  swdes dump  G:/CR_Praticas/A7/agoravaiser/microblaze_0/standalone_domain/bsp/system.mss|system_4||
G:/CR_Praticas/A7/almostfinalhw/microblaze_0/standalone_domain/bsp/system.mss|system_0||
G:/CR_Praticas/A7/mayberesetfixed/microblaze_0/standalone_domain/bsp/system.mss|system_2||
G:/CR_Praticas/A7/newresetdjb2/microblaze_0/standalone_domain/bsp/system.mss|system_1||
G:/CR_Praticas/A7/phashLiteStream_wrapper/microblaze_0/standalone_domain/bsp/system.mss|system||
G:/CR_Praticas/A7/veseistofunciona/microblaze_0/standalone_domain/bsp/system.mss|system_3||

TRACE::2020-07-13.01:58:50::SCWMssOS::Sw design exists and opened at  G:/CR_Praticas/A7/agoravaiser/microblaze_0/standalone_domain/bsp/system.mss
TRACE::2020-07-13.01:58:50::SCWPlatform::Trying to open the hw design at G:/CR_Praticas/A7/agoravaiser/hw/agoravaiser.xsa
TRACE::2020-07-13.01:58:50::SCWPlatform::DSA given G:/CR_Praticas/A7/agoravaiser/hw/agoravaiser.xsa
TRACE::2020-07-13.01:58:50::SCWPlatform::DSA absoulate path G:/CR_Praticas/A7/agoravaiser/hw/agoravaiser.xsa
TRACE::2020-07-13.01:58:50::SCWPlatform::DSA directory G:/CR_Praticas/A7/agoravaiser/hw
TRACE::2020-07-13.01:58:50::SCWPlatform:: Platform Path G:/CR_Praticas/A7/agoravaiser/hw/agoravaiser.xsa
TRACE::2020-07-13.01:58:50::SCWPlatform:: Unique name xilinx:nexys4::0.0
TRACE::2020-07-13.01:58:50::SCWPlatform::Trying to set the existing hwdb with name mb_design_wrapper_24
TRACE::2020-07-13.01:58:50::SCWPlatform::Opened existing hwdb mb_design_wrapper_24
TRACE::2020-07-13.01:58:50::SCWPlatform::Found the Hw Db part of the input DSA
TRACE::2020-07-13.01:58:50::SCWMssOS::Checking the sw design at  G:/CR_Praticas/A7/agoravaiser/microblaze_0/standalone_domain/bsp/system.mss
TRACE::2020-07-13.01:58:50::SCWMssOS::DEBUG:  swdes dump  G:/CR_Praticas/A7/agoravaiser/microblaze_0/standalone_domain/bsp/system.mss|system_4||
G:/CR_Praticas/A7/almostfinalhw/microblaze_0/standalone_domain/bsp/system.mss|system_0||
G:/CR_Praticas/A7/mayberesetfixed/microblaze_0/standalone_domain/bsp/system.mss|system_2||
G:/CR_Praticas/A7/newresetdjb2/microblaze_0/standalone_domain/bsp/system.mss|system_1||
G:/CR_Praticas/A7/phashLiteStream_wrapper/microblaze_0/standalone_domain/bsp/system.mss|system||
G:/CR_Praticas/A7/veseistofunciona/microblaze_0/standalone_domain/bsp/system.mss|system_3||

TRACE::2020-07-13.01:58:50::SCWMssOS::Sw design exists and opened at  G:/CR_Praticas/A7/agoravaiser/microblaze_0/standalone_domain/bsp/system.mss
TRACE::2020-07-13.01:58:50::SCWPlatform::Trying to open the hw design at G:/CR_Praticas/A7/agoravaiser/hw/agoravaiser.xsa
TRACE::2020-07-13.01:58:50::SCWPlatform::DSA given G:/CR_Praticas/A7/agoravaiser/hw/agoravaiser.xsa
TRACE::2020-07-13.01:58:50::SCWPlatform::DSA absoulate path G:/CR_Praticas/A7/agoravaiser/hw/agoravaiser.xsa
TRACE::2020-07-13.01:58:50::SCWPlatform::DSA directory G:/CR_Praticas/A7/agoravaiser/hw
TRACE::2020-07-13.01:58:50::SCWPlatform:: Platform Path G:/CR_Praticas/A7/agoravaiser/hw/agoravaiser.xsa
TRACE::2020-07-13.01:58:50::SCWPlatform:: Unique name xilinx:nexys4::0.0
TRACE::2020-07-13.01:58:50::SCWPlatform::Trying to set the existing hwdb with name mb_design_wrapper_24
TRACE::2020-07-13.01:58:50::SCWPlatform::Opened existing hwdb mb_design_wrapper_24
TRACE::2020-07-13.01:58:51::SCWPlatform::Found the Hw Db part of the input DSA
TRACE::2020-07-13.01:58:51::SCWMssOS::Checking the sw design at  G:/CR_Praticas/A7/agoravaiser/microblaze_0/standalone_domain/bsp/system.mss
TRACE::2020-07-13.01:58:51::SCWMssOS::DEBUG:  swdes dump  G:/CR_Praticas/A7/agoravaiser/microblaze_0/standalone_domain/bsp/system.mss|system_4||
G:/CR_Praticas/A7/almostfinalhw/microblaze_0/standalone_domain/bsp/system.mss|system_0||
G:/CR_Praticas/A7/mayberesetfixed/microblaze_0/standalone_domain/bsp/system.mss|system_2||
G:/CR_Praticas/A7/newresetdjb2/microblaze_0/standalone_domain/bsp/system.mss|system_1||
G:/CR_Praticas/A7/phashLiteStream_wrapper/microblaze_0/standalone_domain/bsp/system.mss|system||
G:/CR_Praticas/A7/veseistofunciona/microblaze_0/standalone_domain/bsp/system.mss|system_3||

TRACE::2020-07-13.01:58:51::SCWMssOS::Sw design exists and opened at  G:/CR_Praticas/A7/agoravaiser/microblaze_0/standalone_domain/bsp/system.mss
TRACE::2020-07-13.01:58:51::SCWPlatform::Trying to open the hw design at G:/CR_Praticas/A7/agoravaiser/hw/agoravaiser.xsa
TRACE::2020-07-13.01:58:51::SCWPlatform::DSA given G:/CR_Praticas/A7/agoravaiser/hw/agoravaiser.xsa
TRACE::2020-07-13.01:58:51::SCWPlatform::DSA absoulate path G:/CR_Praticas/A7/agoravaiser/hw/agoravaiser.xsa
TRACE::2020-07-13.01:58:51::SCWPlatform::DSA directory G:/CR_Praticas/A7/agoravaiser/hw
TRACE::2020-07-13.01:58:51::SCWPlatform:: Platform Path G:/CR_Praticas/A7/agoravaiser/hw/agoravaiser.xsa
TRACE::2020-07-13.01:58:51::SCWPlatform:: Unique name xilinx:nexys4::0.0
TRACE::2020-07-13.01:58:51::SCWPlatform::Trying to set the existing hwdb with name mb_design_wrapper_24
TRACE::2020-07-13.01:58:51::SCWPlatform::Opened existing hwdb mb_design_wrapper_24
TRACE::2020-07-13.01:58:51::SCWPlatform::Found the Hw Db part of the input DSA
TRACE::2020-07-13.01:58:51::SCWMssOS::Checking the sw design at  G:/CR_Praticas/A7/agoravaiser/microblaze_0/standalone_domain/bsp/system.mss
TRACE::2020-07-13.01:58:51::SCWMssOS::DEBUG:  swdes dump  G:/CR_Praticas/A7/agoravaiser/microblaze_0/standalone_domain/bsp/system.mss|system_4||
G:/CR_Praticas/A7/almostfinalhw/microblaze_0/standalone_domain/bsp/system.mss|system_0||
G:/CR_Praticas/A7/mayberesetfixed/microblaze_0/standalone_domain/bsp/system.mss|system_2||
G:/CR_Praticas/A7/newresetdjb2/microblaze_0/standalone_domain/bsp/system.mss|system_1||
G:/CR_Praticas/A7/phashLiteStream_wrapper/microblaze_0/standalone_domain/bsp/system.mss|system||
G:/CR_Praticas/A7/veseistofunciona/microblaze_0/standalone_domain/bsp/system.mss|system_3||

TRACE::2020-07-13.01:58:51::SCWMssOS::Sw design exists and opened at  G:/CR_Praticas/A7/agoravaiser/microblaze_0/standalone_domain/bsp/system.mss
TRACE::2020-07-13.01:58:51::SCWWriter::formatted JSON is {
	"platformName":	"agoravaiser",
	"sprVersion":	"2.0",
	"mode":	"gui",
	"dsaType":	"Fixed",
	"platformDesc":	"agoravaiser",
	"platHandOff":	"E:/lixo7/agoravaiser.xsa",
	"platIntHandOff":	"<platformDir>/hw/agoravaiser.xsa",
	"deviceType":	"FPGA",
	"platIsPrebuiltAutogen":	"false",
	"platIsNoBootBsp":	"false",
	"hasFsblMakeHasChanges":	"false",
	"hasPmufwMakeHasChanges":	"false",
	"platPreBuiltFlag":	false,
	"platformSamplesDir":	"",
	"platActiveSys":	"agoravaiser",
	"systems":	[{
			"systemName":	"agoravaiser",
			"systemDesc":	"agoravaiser",
			"sysIsBootAutoGen":	"true",
			"systemDispName":	"agoravaiser",
			"sysActiveDom":	"standalone_domain",
			"sysDefaultDom":	"standalone_domain",
			"domains":	[{
					"domainName":	"standalone_domain",
					"domainDispName":	"standalone on microblaze_0",
					"domainDesc":	"standalone_domain",
					"processors":	"microblaze_0",
					"os":	"standalone",
					"sdxOs":	"standalone",
					"debugEnable":	"False",
					"domRuntimes":	["cpp"],
					"swRepo":	"",
					"mssOsVer":	"7.1",
					"mssFile":	"",
					"md5Digest":	"568a8035ff65a4ddc76de131160135eb",
					"compatibleApp":	"hello_world",
					"domType":	"mssDomain",
					"arch":	"32-bit",
					"appSettings":	{
						"appCompilerFlags":	"",
						"appLinkerFlags":	""
					},
					"addedLibs":	[],
					"libOptions":	{
						"libsContainingOptions":	[]
					},
					"prebuiltLibs":	{
						"prebuiltIncPath":	[],
						"prebuiltLibPath":	[]
					},
					"isolation":	{
					}
				}]
		}]
}
TRACE::2020-07-13.01:58:51::SCWPlatform::Trying to open the hw design at G:/CR_Praticas/A7/agoravaiser/hw/agoravaiser.xsa
TRACE::2020-07-13.01:58:51::SCWPlatform::DSA given G:/CR_Praticas/A7/agoravaiser/hw/agoravaiser.xsa
TRACE::2020-07-13.01:58:51::SCWPlatform::DSA absoulate path G:/CR_Praticas/A7/agoravaiser/hw/agoravaiser.xsa
TRACE::2020-07-13.01:58:51::SCWPlatform::DSA directory G:/CR_Praticas/A7/agoravaiser/hw
TRACE::2020-07-13.01:58:51::SCWPlatform:: Platform Path G:/CR_Praticas/A7/agoravaiser/hw/agoravaiser.xsa
TRACE::2020-07-13.01:58:51::SCWPlatform:: Unique name xilinx:nexys4::0.0
TRACE::2020-07-13.01:58:51::SCWPlatform::Trying to set the existing hwdb with name mb_design_wrapper_24
TRACE::2020-07-13.01:58:51::SCWPlatform::Opened existing hwdb mb_design_wrapper_24
TRACE::2020-07-13.01:58:51::SCWPlatform::Found the Hw Db part of the input DSA
TRACE::2020-07-13.01:58:51::SCWMssOS::Checking the sw design at  G:/CR_Praticas/A7/agoravaiser/microblaze_0/standalone_domain/bsp/system.mss
TRACE::2020-07-13.01:58:51::SCWMssOS::DEBUG:  swdes dump  G:/CR_Praticas/A7/agoravaiser/microblaze_0/standalone_domain/bsp/system.mss|system_4||
G:/CR_Praticas/A7/almostfinalhw/microblaze_0/standalone_domain/bsp/system.mss|system_0||
G:/CR_Praticas/A7/mayberesetfixed/microblaze_0/standalone_domain/bsp/system.mss|system_2||
G:/CR_Praticas/A7/newresetdjb2/microblaze_0/standalone_domain/bsp/system.mss|system_1||
G:/CR_Praticas/A7/phashLiteStream_wrapper/microblaze_0/standalone_domain/bsp/system.mss|system||
G:/CR_Praticas/A7/veseistofunciona/microblaze_0/standalone_domain/bsp/system.mss|system_3||

TRACE::2020-07-13.01:58:51::SCWMssOS::Sw design exists and opened at  G:/CR_Praticas/A7/agoravaiser/microblaze_0/standalone_domain/bsp/system.mss
TRACE::2020-07-13.01:58:51::SCWPlatform::Trying to open the hw design at G:/CR_Praticas/A7/agoravaiser/hw/agoravaiser.xsa
TRACE::2020-07-13.01:58:51::SCWPlatform::DSA given G:/CR_Praticas/A7/agoravaiser/hw/agoravaiser.xsa
TRACE::2020-07-13.01:58:51::SCWPlatform::DSA absoulate path G:/CR_Praticas/A7/agoravaiser/hw/agoravaiser.xsa
TRACE::2020-07-13.01:58:51::SCWPlatform::DSA directory G:/CR_Praticas/A7/agoravaiser/hw
TRACE::2020-07-13.01:58:51::SCWPlatform:: Platform Path G:/CR_Praticas/A7/agoravaiser/hw/agoravaiser.xsa
TRACE::2020-07-13.01:58:51::SCWPlatform:: Unique name xilinx:nexys4::0.0
TRACE::2020-07-13.01:58:51::SCWPlatform::Trying to set the existing hwdb with name mb_design_wrapper_24
TRACE::2020-07-13.01:58:51::SCWPlatform::Opened existing hwdb mb_design_wrapper_24
TRACE::2020-07-13.01:58:51::SCWPlatform::Found the Hw Db part of the input DSA
TRACE::2020-07-13.01:58:51::SCWMssOS::Checking the sw design at  G:/CR_Praticas/A7/agoravaiser/microblaze_0/standalone_domain/bsp/system.mss
TRACE::2020-07-13.01:58:51::SCWMssOS::DEBUG:  swdes dump  G:/CR_Praticas/A7/agoravaiser/microblaze_0/standalone_domain/bsp/system.mss|system_4||
G:/CR_Praticas/A7/almostfinalhw/microblaze_0/standalone_domain/bsp/system.mss|system_0||
G:/CR_Praticas/A7/mayberesetfixed/microblaze_0/standalone_domain/bsp/system.mss|system_2||
G:/CR_Praticas/A7/newresetdjb2/microblaze_0/standalone_domain/bsp/system.mss|system_1||
G:/CR_Praticas/A7/phashLiteStream_wrapper/microblaze_0/standalone_domain/bsp/system.mss|system||
G:/CR_Praticas/A7/veseistofunciona/microblaze_0/standalone_domain/bsp/system.mss|system_3||

TRACE::2020-07-13.01:58:51::SCWMssOS::Sw design exists and opened at  G:/CR_Praticas/A7/agoravaiser/microblaze_0/standalone_domain/bsp/system.mss
TRACE::2020-07-13.01:58:52::SCWPlatform::Trying to open the hw design at G:/CR_Praticas/A7/agoravaiser/hw/agoravaiser.xsa
TRACE::2020-07-13.01:58:52::SCWPlatform::DSA given G:/CR_Praticas/A7/agoravaiser/hw/agoravaiser.xsa
TRACE::2020-07-13.01:58:52::SCWPlatform::DSA absoulate path G:/CR_Praticas/A7/agoravaiser/hw/agoravaiser.xsa
TRACE::2020-07-13.01:58:52::SCWPlatform::DSA directory G:/CR_Praticas/A7/agoravaiser/hw
TRACE::2020-07-13.01:58:52::SCWPlatform:: Platform Path G:/CR_Praticas/A7/agoravaiser/hw/agoravaiser.xsa
TRACE::2020-07-13.01:58:52::SCWPlatform:: Unique name xilinx:nexys4::0.0
TRACE::2020-07-13.01:58:52::SCWPlatform::Trying to set the existing hwdb with name mb_design_wrapper_24
TRACE::2020-07-13.01:58:52::SCWPlatform::Opened existing hwdb mb_design_wrapper_24
TRACE::2020-07-13.01:58:52::SCWPlatform::Found the Hw Db part of the input DSA
TRACE::2020-07-13.01:58:52::SCWMssOS::Checking the sw design at  G:/CR_Praticas/A7/agoravaiser/microblaze_0/standalone_domain/bsp/system.mss
TRACE::2020-07-13.01:58:52::SCWMssOS::DEBUG:  swdes dump  G:/CR_Praticas/A7/agoravaiser/microblaze_0/standalone_domain/bsp/system.mss|system_4||
G:/CR_Praticas/A7/almostfinalhw/microblaze_0/standalone_domain/bsp/system.mss|system_0||
G:/CR_Praticas/A7/mayberesetfixed/microblaze_0/standalone_domain/bsp/system.mss|system_2||
G:/CR_Praticas/A7/newresetdjb2/microblaze_0/standalone_domain/bsp/system.mss|system_1||
G:/CR_Praticas/A7/phashLiteStream_wrapper/microblaze_0/standalone_domain/bsp/system.mss|system||
G:/CR_Praticas/A7/veseistofunciona/microblaze_0/standalone_domain/bsp/system.mss|system_3||

TRACE::2020-07-13.01:58:52::SCWMssOS::Sw design exists and opened at  G:/CR_Praticas/A7/agoravaiser/microblaze_0/standalone_domain/bsp/system.mss
TRACE::2020-07-13.01:58:52::SCWPlatform::Trying to open the hw design at G:/CR_Praticas/A7/agoravaiser/hw/agoravaiser.xsa
TRACE::2020-07-13.01:58:52::SCWPlatform::DSA given G:/CR_Praticas/A7/agoravaiser/hw/agoravaiser.xsa
TRACE::2020-07-13.01:58:52::SCWPlatform::DSA absoulate path G:/CR_Praticas/A7/agoravaiser/hw/agoravaiser.xsa
TRACE::2020-07-13.01:58:52::SCWPlatform::DSA directory G:/CR_Praticas/A7/agoravaiser/hw
TRACE::2020-07-13.01:58:52::SCWPlatform:: Platform Path G:/CR_Praticas/A7/agoravaiser/hw/agoravaiser.xsa
TRACE::2020-07-13.01:58:52::SCWPlatform:: Unique name xilinx:nexys4::0.0
TRACE::2020-07-13.01:58:52::SCWPlatform::Trying to set the existing hwdb with name mb_design_wrapper_24
TRACE::2020-07-13.01:58:52::SCWPlatform::Opened existing hwdb mb_design_wrapper_24
TRACE::2020-07-13.01:58:52::SCWPlatform::Found the Hw Db part of the input DSA
TRACE::2020-07-13.01:58:52::SCWMssOS::Checking the sw design at  G:/CR_Praticas/A7/agoravaiser/microblaze_0/standalone_domain/bsp/system.mss
TRACE::2020-07-13.01:58:52::SCWMssOS::DEBUG:  swdes dump  G:/CR_Praticas/A7/agoravaiser/microblaze_0/standalone_domain/bsp/system.mss|system_4||
G:/CR_Praticas/A7/almostfinalhw/microblaze_0/standalone_domain/bsp/system.mss|system_0||
G:/CR_Praticas/A7/mayberesetfixed/microblaze_0/standalone_domain/bsp/system.mss|system_2||
G:/CR_Praticas/A7/newresetdjb2/microblaze_0/standalone_domain/bsp/system.mss|system_1||
G:/CR_Praticas/A7/phashLiteStream_wrapper/microblaze_0/standalone_domain/bsp/system.mss|system||
G:/CR_Praticas/A7/veseistofunciona/microblaze_0/standalone_domain/bsp/system.mss|system_3||

TRACE::2020-07-13.01:58:52::SCWMssOS::Sw design exists and opened at  G:/CR_Praticas/A7/agoravaiser/microblaze_0/standalone_domain/bsp/system.mss
TRACE::2020-07-13.01:58:52::SCWPlatform::Trying to open the hw design at G:/CR_Praticas/A7/agoravaiser/hw/agoravaiser.xsa
TRACE::2020-07-13.01:58:52::SCWPlatform::DSA given G:/CR_Praticas/A7/agoravaiser/hw/agoravaiser.xsa
TRACE::2020-07-13.01:58:52::SCWPlatform::DSA absoulate path G:/CR_Praticas/A7/agoravaiser/hw/agoravaiser.xsa
TRACE::2020-07-13.01:58:52::SCWPlatform::DSA directory G:/CR_Praticas/A7/agoravaiser/hw
TRACE::2020-07-13.01:58:52::SCWPlatform:: Platform Path G:/CR_Praticas/A7/agoravaiser/hw/agoravaiser.xsa
TRACE::2020-07-13.01:58:52::SCWPlatform:: Unique name xilinx:nexys4::0.0
TRACE::2020-07-13.01:58:52::SCWPlatform::Trying to set the existing hwdb with name mb_design_wrapper_24
TRACE::2020-07-13.01:58:52::SCWPlatform::Opened existing hwdb mb_design_wrapper_24
TRACE::2020-07-13.01:58:52::SCWPlatform::Found the Hw Db part of the input DSA
TRACE::2020-07-13.01:58:52::SCWMssOS::Checking the sw design at  G:/CR_Praticas/A7/agoravaiser/microblaze_0/standalone_domain/bsp/system.mss
TRACE::2020-07-13.01:58:52::SCWMssOS::DEBUG:  swdes dump  G:/CR_Praticas/A7/agoravaiser/microblaze_0/standalone_domain/bsp/system.mss|system_4||
G:/CR_Praticas/A7/almostfinalhw/microblaze_0/standalone_domain/bsp/system.mss|system_0||
G:/CR_Praticas/A7/mayberesetfixed/microblaze_0/standalone_domain/bsp/system.mss|system_2||
G:/CR_Praticas/A7/newresetdjb2/microblaze_0/standalone_domain/bsp/system.mss|system_1||
G:/CR_Praticas/A7/phashLiteStream_wrapper/microblaze_0/standalone_domain/bsp/system.mss|system||
G:/CR_Praticas/A7/veseistofunciona/microblaze_0/standalone_domain/bsp/system.mss|system_3||

TRACE::2020-07-13.01:58:52::SCWMssOS::Sw design exists and opened at  G:/CR_Praticas/A7/agoravaiser/microblaze_0/standalone_domain/bsp/system.mss
TRACE::2020-07-13.01:58:52::SCWWriter::formatted JSON is {
	"platformName":	"agoravaiser",
	"sprVersion":	"2.0",
	"mode":	"gui",
	"dsaType":	"Fixed",
	"platformDesc":	"agoravaiser",
	"platHandOff":	"E:/lixo7/agoravaiser.xsa",
	"platIntHandOff":	"<platformDir>/hw/agoravaiser.xsa",
	"deviceType":	"FPGA",
	"platIsPrebuiltAutogen":	"false",
	"platIsNoBootBsp":	"false",
	"hasFsblMakeHasChanges":	"false",
	"hasPmufwMakeHasChanges":	"false",
	"platPreBuiltFlag":	false,
	"platformSamplesDir":	"",
	"platActiveSys":	"agoravaiser",
	"systems":	[{
			"systemName":	"agoravaiser",
			"systemDesc":	"agoravaiser",
			"sysIsBootAutoGen":	"true",
			"systemDispName":	"agoravaiser",
			"sysActiveDom":	"standalone_domain",
			"sysDefaultDom":	"standalone_domain",
			"domains":	[{
					"domainName":	"standalone_domain",
					"domainDispName":	"standalone on microblaze_0",
					"domainDesc":	"standalone_domain",
					"processors":	"microblaze_0",
					"os":	"standalone",
					"sdxOs":	"standalone",
					"debugEnable":	"False",
					"domRuntimes":	["cpp"],
					"swRepo":	"",
					"mssOsVer":	"7.1",
					"mssFile":	"",
					"md5Digest":	"568a8035ff65a4ddc76de131160135eb",
					"compatibleApp":	"hello_world",
					"domType":	"mssDomain",
					"arch":	"32-bit",
					"appSettings":	{
						"appCompilerFlags":	"",
						"appLinkerFlags":	""
					},
					"addedLibs":	[],
					"libOptions":	{
						"libsContainingOptions":	[]
					},
					"prebuiltLibs":	{
						"prebuiltIncPath":	[],
						"prebuiltLibPath":	[]
					},
					"isolation":	{
					}
				}]
		}]
}
LOG::2020-07-13.01:58:53::SCWPlatform::Started generating the artifacts platform agoravaiser
TRACE::2020-07-13.01:58:53::SCWPlatform::Sanity checking of platform is completed
LOG::2020-07-13.01:58:53::SCWPlatform::Started generating the artifacts for system configuration agoravaiser
LOG::2020-07-13.01:58:53::SCWSystem::Started Processing the domain standalone_domain
TRACE::2020-07-13.01:58:53::SCWDomain::Generating domain artifcats
TRACE::2020-07-13.01:58:53::SCWMssOS::Generating standalone artifcats
TRACE::2020-07-13.01:58:53::SCWMssOS:: Copying the user libraries. 
TRACE::2020-07-13.01:58:53::SCWPlatform::Trying to open the hw design at G:/CR_Praticas/A7/agoravaiser/hw/agoravaiser.xsa
TRACE::2020-07-13.01:58:53::SCWPlatform::DSA given G:/CR_Praticas/A7/agoravaiser/hw/agoravaiser.xsa
TRACE::2020-07-13.01:58:53::SCWPlatform::DSA absoulate path G:/CR_Praticas/A7/agoravaiser/hw/agoravaiser.xsa
TRACE::2020-07-13.01:58:53::SCWPlatform::DSA directory G:/CR_Praticas/A7/agoravaiser/hw
TRACE::2020-07-13.01:58:53::SCWPlatform:: Platform Path G:/CR_Praticas/A7/agoravaiser/hw/agoravaiser.xsa
TRACE::2020-07-13.01:58:53::SCWPlatform:: Unique name xilinx:nexys4::0.0
TRACE::2020-07-13.01:58:53::SCWPlatform::Trying to set the existing hwdb with name mb_design_wrapper_24
TRACE::2020-07-13.01:58:53::SCWPlatform::Opened existing hwdb mb_design_wrapper_24
TRACE::2020-07-13.01:58:53::SCWPlatform::Found the Hw Db part of the input DSA
TRACE::2020-07-13.01:58:53::SCWMssOS::Checking the sw design at  G:/CR_Praticas/A7/agoravaiser/microblaze_0/standalone_domain/bsp/system.mss
TRACE::2020-07-13.01:58:53::SCWMssOS::DEBUG:  swdes dump  G:/CR_Praticas/A7/agoravaiser/microblaze_0/standalone_domain/bsp/system.mss|system_4||
G:/CR_Praticas/A7/almostfinalhw/microblaze_0/standalone_domain/bsp/system.mss|system_0||
G:/CR_Praticas/A7/mayberesetfixed/microblaze_0/standalone_domain/bsp/system.mss|system_2||
G:/CR_Praticas/A7/newresetdjb2/microblaze_0/standalone_domain/bsp/system.mss|system_1||
G:/CR_Praticas/A7/phashLiteStream_wrapper/microblaze_0/standalone_domain/bsp/system.mss|system||
G:/CR_Praticas/A7/veseistofunciona/microblaze_0/standalone_domain/bsp/system.mss|system_3||

TRACE::2020-07-13.01:58:53::SCWMssOS::Sw design exists and opened at  G:/CR_Praticas/A7/agoravaiser/microblaze_0/standalone_domain/bsp/system.mss
TRACE::2020-07-13.01:58:53::SCWMssOS::Completed writing the mss file at G:/CR_Praticas/A7/agoravaiser/microblaze_0/standalone_domain/bsp
TRACE::2020-07-13.01:58:53::SCWMssOS::Mss edits present, copying mssfile into export location G:/CR_Praticas/A7/agoravaiser/microblaze_0/standalone_domain/bsp/system.mss
TRACE::2020-07-13.01:58:53::SCWMssOS::bsp generated is upto date with the mss file. Skipping bsp generation.
TRACE::2020-07-13.01:58:53::SCWMssOS::BSP is already built. skipping the bsp build ... 
TRACE::2020-07-13.01:58:53::SCWDomain::Building the domain as part of full build :  standalone_domain
TRACE::2020-07-13.01:58:53::SCWMssOS::skipping the bsp build ... 
TRACE::2020-07-13.01:58:53::SCWMssOS::Copying to export directory.
TRACE::2020-07-13.01:58:53::SCWMssOS:: Checking if to create the Supporting Applications
TRACE::2020-07-13.01:58:53::SCWMssOS:: No Linux domain exists, trying to generate FSBL 
LOG::2020-07-13.01:58:53::SCWSystem::Completed Processing the domain standalone_domain
LOG::2020-07-13.01:58:53::SCWSystem::Completed Processing the sysconfig agoravaiser
LOG::2020-07-13.01:58:53::SCWPlatform::Completed generating the artifacts for system configuration agoravaiser
TRACE::2020-07-13.01:58:53::SCWPlatform::Started preparing the platform 
TRACE::2020-07-13.01:58:53::SCWSystem::Writing the bif file for system config agoravaiser
TRACE::2020-07-13.01:58:53::SCWSystem::dir created 
TRACE::2020-07-13.01:58:54::SCWSystem::Writing the bif 
TRACE::2020-07-13.01:58:54::SCWPlatform::Started writing the spfm file 
TRACE::2020-07-13.01:58:54::SCWPlatform::Started writing the xpfm file 
TRACE::2020-07-13.01:58:54::SCWPlatform::Completed generating the platform
TRACE::2020-07-13.01:58:54::SCWPlatform::Trying to open the hw design at G:/CR_Praticas/A7/agoravaiser/hw/agoravaiser.xsa
TRACE::2020-07-13.01:58:54::SCWPlatform::DSA given G:/CR_Praticas/A7/agoravaiser/hw/agoravaiser.xsa
TRACE::2020-07-13.01:58:54::SCWPlatform::DSA absoulate path G:/CR_Praticas/A7/agoravaiser/hw/agoravaiser.xsa
TRACE::2020-07-13.01:58:54::SCWPlatform::DSA directory G:/CR_Praticas/A7/agoravaiser/hw
TRACE::2020-07-13.01:58:54::SCWPlatform:: Platform Path G:/CR_Praticas/A7/agoravaiser/hw/agoravaiser.xsa
TRACE::2020-07-13.01:58:54::SCWPlatform:: Unique name xilinx:nexys4::0.0
TRACE::2020-07-13.01:58:54::SCWPlatform::Trying to set the existing hwdb with name mb_design_wrapper_24
TRACE::2020-07-13.01:58:54::SCWPlatform::Opened existing hwdb mb_design_wrapper_24
TRACE::2020-07-13.01:58:54::SCWPlatform::Found the Hw Db part of the input DSA
TRACE::2020-07-13.01:58:54::SCWMssOS::Checking the sw design at  G:/CR_Praticas/A7/agoravaiser/microblaze_0/standalone_domain/bsp/system.mss
TRACE::2020-07-13.01:58:54::SCWMssOS::DEBUG:  swdes dump  G:/CR_Praticas/A7/agoravaiser/microblaze_0/standalone_domain/bsp/system.mss|system_4||
G:/CR_Praticas/A7/almostfinalhw/microblaze_0/standalone_domain/bsp/system.mss|system_0||
G:/CR_Praticas/A7/mayberesetfixed/microblaze_0/standalone_domain/bsp/system.mss|system_2||
G:/CR_Praticas/A7/newresetdjb2/microblaze_0/standalone_domain/bsp/system.mss|system_1||
G:/CR_Praticas/A7/phashLiteStream_wrapper/microblaze_0/standalone_domain/bsp/system.mss|system||
G:/CR_Praticas/A7/veseistofunciona/microblaze_0/standalone_domain/bsp/system.mss|system_3||

TRACE::2020-07-13.01:58:54::SCWMssOS::Sw design exists and opened at  G:/CR_Praticas/A7/agoravaiser/microblaze_0/standalone_domain/bsp/system.mss
TRACE::2020-07-13.01:58:54::SCWPlatform::Trying to open the hw design at G:/CR_Praticas/A7/agoravaiser/hw/agoravaiser.xsa
TRACE::2020-07-13.01:58:54::SCWPlatform::DSA given G:/CR_Praticas/A7/agoravaiser/hw/agoravaiser.xsa
TRACE::2020-07-13.01:58:54::SCWPlatform::DSA absoulate path G:/CR_Praticas/A7/agoravaiser/hw/agoravaiser.xsa
TRACE::2020-07-13.01:58:54::SCWPlatform::DSA directory G:/CR_Praticas/A7/agoravaiser/hw
TRACE::2020-07-13.01:58:54::SCWPlatform:: Platform Path G:/CR_Praticas/A7/agoravaiser/hw/agoravaiser.xsa
TRACE::2020-07-13.01:58:54::SCWPlatform:: Unique name xilinx:nexys4::0.0
TRACE::2020-07-13.01:58:54::SCWPlatform::Trying to set the existing hwdb with name mb_design_wrapper_24
TRACE::2020-07-13.01:58:54::SCWPlatform::Opened existing hwdb mb_design_wrapper_24
TRACE::2020-07-13.01:58:54::SCWPlatform::Found the Hw Db part of the input DSA
TRACE::2020-07-13.01:58:54::SCWMssOS::Checking the sw design at  G:/CR_Praticas/A7/agoravaiser/microblaze_0/standalone_domain/bsp/system.mss
TRACE::2020-07-13.01:58:54::SCWMssOS::DEBUG:  swdes dump  G:/CR_Praticas/A7/agoravaiser/microblaze_0/standalone_domain/bsp/system.mss|system_4||
G:/CR_Praticas/A7/almostfinalhw/microblaze_0/standalone_domain/bsp/system.mss|system_0||
G:/CR_Praticas/A7/mayberesetfixed/microblaze_0/standalone_domain/bsp/system.mss|system_2||
G:/CR_Praticas/A7/newresetdjb2/microblaze_0/standalone_domain/bsp/system.mss|system_1||
G:/CR_Praticas/A7/phashLiteStream_wrapper/microblaze_0/standalone_domain/bsp/system.mss|system||
G:/CR_Praticas/A7/veseistofunciona/microblaze_0/standalone_domain/bsp/system.mss|system_3||

TRACE::2020-07-13.01:58:54::SCWMssOS::Sw design exists and opened at  G:/CR_Praticas/A7/agoravaiser/microblaze_0/standalone_domain/bsp/system.mss
TRACE::2020-07-13.01:58:54::SCWPlatform::Trying to open the hw design at G:/CR_Praticas/A7/agoravaiser/hw/agoravaiser.xsa
TRACE::2020-07-13.01:58:54::SCWPlatform::DSA given G:/CR_Praticas/A7/agoravaiser/hw/agoravaiser.xsa
TRACE::2020-07-13.01:58:54::SCWPlatform::DSA absoulate path G:/CR_Praticas/A7/agoravaiser/hw/agoravaiser.xsa
TRACE::2020-07-13.01:58:54::SCWPlatform::DSA directory G:/CR_Praticas/A7/agoravaiser/hw
TRACE::2020-07-13.01:58:54::SCWPlatform:: Platform Path G:/CR_Praticas/A7/agoravaiser/hw/agoravaiser.xsa
TRACE::2020-07-13.01:58:54::SCWPlatform:: Unique name xilinx:nexys4::0.0
TRACE::2020-07-13.01:58:54::SCWPlatform::Trying to set the existing hwdb with name mb_design_wrapper_24
TRACE::2020-07-13.01:58:54::SCWPlatform::Opened existing hwdb mb_design_wrapper_24
TRACE::2020-07-13.01:58:54::SCWPlatform::Found the Hw Db part of the input DSA
TRACE::2020-07-13.01:58:55::SCWMssOS::Checking the sw design at  G:/CR_Praticas/A7/agoravaiser/microblaze_0/standalone_domain/bsp/system.mss
TRACE::2020-07-13.01:58:55::SCWMssOS::DEBUG:  swdes dump  G:/CR_Praticas/A7/agoravaiser/microblaze_0/standalone_domain/bsp/system.mss|system_4||
G:/CR_Praticas/A7/almostfinalhw/microblaze_0/standalone_domain/bsp/system.mss|system_0||
G:/CR_Praticas/A7/mayberesetfixed/microblaze_0/standalone_domain/bsp/system.mss|system_2||
G:/CR_Praticas/A7/newresetdjb2/microblaze_0/standalone_domain/bsp/system.mss|system_1||
G:/CR_Praticas/A7/phashLiteStream_wrapper/microblaze_0/standalone_domain/bsp/system.mss|system||
G:/CR_Praticas/A7/veseistofunciona/microblaze_0/standalone_domain/bsp/system.mss|system_3||

TRACE::2020-07-13.01:58:55::SCWMssOS::Sw design exists and opened at  G:/CR_Praticas/A7/agoravaiser/microblaze_0/standalone_domain/bsp/system.mss
TRACE::2020-07-13.01:58:55::SCWWriter::formatted JSON is {
	"platformName":	"agoravaiser",
	"sprVersion":	"2.0",
	"mode":	"gui",
	"dsaType":	"Fixed",
	"platformDesc":	"agoravaiser",
	"platHandOff":	"E:/lixo7/agoravaiser.xsa",
	"platIntHandOff":	"<platformDir>/hw/agoravaiser.xsa",
	"deviceType":	"FPGA",
	"platIsPrebuiltAutogen":	"false",
	"platIsNoBootBsp":	"false",
	"hasFsblMakeHasChanges":	"false",
	"hasPmufwMakeHasChanges":	"false",
	"platPreBuiltFlag":	false,
	"platformSamplesDir":	"",
	"platActiveSys":	"agoravaiser",
	"systems":	[{
			"systemName":	"agoravaiser",
			"systemDesc":	"agoravaiser",
			"sysIsBootAutoGen":	"true",
			"systemDispName":	"agoravaiser",
			"sysActiveDom":	"standalone_domain",
			"sysDefaultDom":	"standalone_domain",
			"domains":	[{
					"domainName":	"standalone_domain",
					"domainDispName":	"standalone on microblaze_0",
					"domainDesc":	"standalone_domain",
					"processors":	"microblaze_0",
					"os":	"standalone",
					"sdxOs":	"standalone",
					"debugEnable":	"False",
					"domRuntimes":	["cpp"],
					"swRepo":	"",
					"mssOsVer":	"7.1",
					"mssFile":	"",
					"md5Digest":	"568a8035ff65a4ddc76de131160135eb",
					"compatibleApp":	"hello_world",
					"domType":	"mssDomain",
					"arch":	"32-bit",
					"appSettings":	{
						"appCompilerFlags":	"",
						"appLinkerFlags":	""
					},
					"addedLibs":	[],
					"libOptions":	{
						"libsContainingOptions":	[]
					},
					"prebuiltLibs":	{
						"prebuiltIncPath":	[],
						"prebuiltLibPath":	[]
					},
					"isolation":	{
					}
				}]
		}]
}
KEYINFO::2020-07-13.01:58:55::SCWPlatform::updated the xpfm file.
LOG::2020-07-13.02:00:42::SCWPlatform::Started generating the artifacts platform agoravaiser
TRACE::2020-07-13.02:00:43::SCWPlatform::Sanity checking of platform is completed
LOG::2020-07-13.02:00:43::SCWPlatform::Started generating the artifacts for system configuration agoravaiser
LOG::2020-07-13.02:00:43::SCWSystem::Checking the domain standalone_domain
LOG::2020-07-13.02:00:43::SCWSystem::Not a boot domain 
LOG::2020-07-13.02:00:43::SCWSystem::Started Processing the domain standalone_domain
TRACE::2020-07-13.02:00:43::SCWDomain::Generating domain artifcats
TRACE::2020-07-13.02:00:43::SCWMssOS::Generating standalone artifcats
TRACE::2020-07-13.02:00:43::SCWMssOS:: Copying the user libraries. 
TRACE::2020-07-13.02:00:43::SCWPlatform::Trying to open the hw design at G:/CR_Praticas/A7/agoravaiser/hw/agoravaiser.xsa
TRACE::2020-07-13.02:00:43::SCWPlatform::DSA given G:/CR_Praticas/A7/agoravaiser/hw/agoravaiser.xsa
TRACE::2020-07-13.02:00:43::SCWPlatform::DSA absoulate path G:/CR_Praticas/A7/agoravaiser/hw/agoravaiser.xsa
TRACE::2020-07-13.02:00:43::SCWPlatform::DSA directory G:/CR_Praticas/A7/agoravaiser/hw
TRACE::2020-07-13.02:00:43::SCWPlatform:: Platform Path G:/CR_Praticas/A7/agoravaiser/hw/agoravaiser.xsa
TRACE::2020-07-13.02:00:43::SCWPlatform:: Unique name xilinx:nexys4::0.0
TRACE::2020-07-13.02:00:43::SCWPlatform::Trying to set the existing hwdb with name mb_design_wrapper_24
TRACE::2020-07-13.02:00:43::SCWPlatform::Opened existing hwdb mb_design_wrapper_24
TRACE::2020-07-13.02:00:43::SCWPlatform::Found the Hw Db part of the input DSA
TRACE::2020-07-13.02:00:43::SCWMssOS::Checking the sw design at  G:/CR_Praticas/A7/agoravaiser/microblaze_0/standalone_domain/bsp/system.mss
TRACE::2020-07-13.02:00:43::SCWMssOS::DEBUG:  swdes dump  G:/CR_Praticas/A7/agoravaiser/microblaze_0/standalone_domain/bsp/system.mss|system_4||
G:/CR_Praticas/A7/almostfinalhw/microblaze_0/standalone_domain/bsp/system.mss|system_0||
G:/CR_Praticas/A7/mayberesetfixed/microblaze_0/standalone_domain/bsp/system.mss|system_2||
G:/CR_Praticas/A7/newresetdjb2/microblaze_0/standalone_domain/bsp/system.mss|system_1||
G:/CR_Praticas/A7/phashLiteStream_wrapper/microblaze_0/standalone_domain/bsp/system.mss|system||
G:/CR_Praticas/A7/veseistofunciona/microblaze_0/standalone_domain/bsp/system.mss|system_3||

TRACE::2020-07-13.02:00:43::SCWMssOS::Sw design exists and opened at  G:/CR_Praticas/A7/agoravaiser/microblaze_0/standalone_domain/bsp/system.mss
TRACE::2020-07-13.02:00:43::SCWMssOS::Completed writing the mss file at G:/CR_Praticas/A7/agoravaiser/microblaze_0/standalone_domain/bsp
TRACE::2020-07-13.02:00:43::SCWMssOS::Mss edits present, copying mssfile into export location G:/CR_Praticas/A7/agoravaiser/microblaze_0/standalone_domain/bsp/system.mss
TRACE::2020-07-13.02:00:43::SCWMssOS::bsp generated is upto date with the mss file. Skipping bsp generation.
TRACE::2020-07-13.02:00:43::SCWMssOS::BSP is already built. skipping the bsp build ... 
TRACE::2020-07-13.02:00:43::SCWDomain::Building the domain as part of full build :  standalone_domain
TRACE::2020-07-13.02:00:43::SCWMssOS::doing bsp build ... 
TRACE::2020-07-13.02:00:43::SCWMssOS::System Command Ran  G: & cd  G:/CR_Praticas/A7/agoravaiser/microblaze_0/standalone_domain/bsp & make 
TRACE::2020-07-13.02:00:44::SCWMssOS::"Running Make include in microblaze_0/libsrc/bram_v4_3/src"

TRACE::2020-07-13.02:00:44::SCWMssOS::make -C microblaze_0/libsrc/bram_v4_3/src -s include  "SHELL=CMD" "COMPILER=mb-gcc" "ASSEMBLER=mb-as" "ARCHIVER=mb-ar" "COMPILE
TRACE::2020-07-13.02:00:44::SCWMssOS::R_FLAGS=  -O2 -c -mcpu=v11.0 -mlittle-endian -mxl-soft-mul" "EXTRA_COMPILER_FLAGS=-g -ffunction-sections -fdata-sections -Wall 
TRACE::2020-07-13.02:00:44::SCWMssOS::-Wextra"

TRACE::2020-07-13.02:00:45::SCWMssOS::"Running Make include in microblaze_0/libsrc/cpu_v2_10/src"

TRACE::2020-07-13.02:00:45::SCWMssOS::make -C microblaze_0/libsrc/cpu_v2_10/src -s include  "SHELL=CMD" "COMPILER=mb-gcc" "ASSEMBLER=mb-as" "ARCHIVER=mb-ar" "COMPILE
TRACE::2020-07-13.02:00:45::SCWMssOS::R_FLAGS=  -O2 -c -mcpu=v11.0 -mlittle-endian -mxl-soft-mul" "EXTRA_COMPILER_FLAGS=-g -ffunction-sections -fdata-sections -Wall 
TRACE::2020-07-13.02:00:45::SCWMssOS::-Wextra"

TRACE::2020-07-13.02:00:45::SCWMssOS::"Running Make include in microblaze_0/libsrc/gpio_v4_5/src"

TRACE::2020-07-13.02:00:45::SCWMssOS::make -C microblaze_0/libsrc/gpio_v4_5/src -s include  "SHELL=CMD" "COMPILER=mb-gcc" "ASSEMBLER=mb-as" "ARCHIVER=mb-ar" "COMPILE
TRACE::2020-07-13.02:00:45::SCWMssOS::R_FLAGS=  -O2 -c -mcpu=v11.0 -mlittle-endian -mxl-soft-mul" "EXTRA_COMPILER_FLAGS=-g -ffunction-sections -fdata-sections -Wall 
TRACE::2020-07-13.02:00:45::SCWMssOS::-Wextra"

TRACE::2020-07-13.02:00:46::SCWMssOS::"Running Make include in microblaze_0/libsrc/intc_v3_10/src"

TRACE::2020-07-13.02:00:46::SCWMssOS::make -C microblaze_0/libsrc/intc_v3_10/src -s include  "SHELL=CMD" "COMPILER=mb-gcc" "ASSEMBLER=mb-as" "ARCHIVER=mb-ar" "COMPIL
TRACE::2020-07-13.02:00:46::SCWMssOS::ER_FLAGS=  -O2 -c -mcpu=v11.0 -mlittle-endian -mxl-soft-mul" "EXTRA_COMPILER_FLAGS=-g -ffunction-sections -fdata-sections -Wall
TRACE::2020-07-13.02:00:46::SCWMssOS:: -Wextra"

TRACE::2020-07-13.02:00:46::SCWMssOS::"Running Make include in microblaze_0/libsrc/PearsonHashing128Peripheral_v1_0/src"

TRACE::2020-07-13.02:00:46::SCWMssOS::make -C microblaze_0/libsrc/PearsonHashing128Peripheral_v1_0/src -s include  "SHELL=CMD" "COMPILER=mb-gcc" "ASSEMBLER=mb-as" "A
TRACE::2020-07-13.02:00:46::SCWMssOS::RCHIVER=mb-ar" "COMPILER_FLAGS=  -O2 -c -mcpu=v11.0 -mlittle-endian -mxl-soft-mul" "EXTRA_COMPILER_FLAGS=-g -ffunction-sections
TRACE::2020-07-13.02:00:46::SCWMssOS:: -fdata-sections -Wall -Wextra"

TRACE::2020-07-13.02:00:46::SCWMssOS::"Running Make include in microblaze_0/libsrc/standalone_v7_1/src"

TRACE::2020-07-13.02:00:46::SCWMssOS::make -C microblaze_0/libsrc/standalone_v7_1/src -s include  "SHELL=CMD" "COMPILER=mb-gcc" "ASSEMBLER=mb-as" "ARCHIVER=mb-ar" "C
TRACE::2020-07-13.02:00:47::SCWMssOS::OMPILER_FLAGS=  -O2 -c -mcpu=v11.0 -mlittle-endian -mxl-soft-mul" "EXTRA_COMPILER_FLAGS=-g -ffunction-sections -fdata-sections 
TRACE::2020-07-13.02:00:47::SCWMssOS::-Wall -Wextra"

TRACE::2020-07-13.02:00:48::SCWMssOS::"Running Make include in microblaze_0/libsrc/tmrctr_v4_5/src"

TRACE::2020-07-13.02:00:48::SCWMssOS::make -C microblaze_0/libsrc/tmrctr_v4_5/src -s include  "SHELL=CMD" "COMPILER=mb-gcc" "ASSEMBLER=mb-as" "ARCHIVER=mb-ar" "COMPI
TRACE::2020-07-13.02:00:48::SCWMssOS::LER_FLAGS=  -O2 -c -mcpu=v11.0 -mlittle-endian -mxl-soft-mul" "EXTRA_COMPILER_FLAGS=-g -ffunction-sections -fdata-sections -Wal
TRACE::2020-07-13.02:00:48::SCWMssOS::l -Wextra"

TRACE::2020-07-13.02:00:48::SCWMssOS::"Running Make include in microblaze_0/libsrc/uartlite_v3_3/src"

TRACE::2020-07-13.02:00:48::SCWMssOS::make -C microblaze_0/libsrc/uartlite_v3_3/src -s include  "SHELL=CMD" "COMPILER=mb-gcc" "ASSEMBLER=mb-as" "ARCHIVER=mb-ar" "COM
TRACE::2020-07-13.02:00:48::SCWMssOS::PILER_FLAGS=  -O2 -c -mcpu=v11.0 -mlittle-endian -mxl-soft-mul" "EXTRA_COMPILER_FLAGS=-g -ffunction-sections -fdata-sections -W
TRACE::2020-07-13.02:00:48::SCWMssOS::all -Wextra"

TRACE::2020-07-13.02:00:49::SCWMssOS::"Running Make libs in microblaze_0/libsrc/bram_v4_3/src"

TRACE::2020-07-13.02:00:49::SCWMssOS::make -C microblaze_0/libsrc/bram_v4_3/src -s libs  "SHELL=CMD" "COMPILER=mb-gcc" "ASSEMBLER=mb-as" "ARCHIVER=mb-ar" "COMPILER_F
TRACE::2020-07-13.02:00:49::SCWMssOS::LAGS=  -O2 -c -mcpu=v11.0 -mlittle-endian -mxl-soft-mul" "EXTRA_COMPILER_FLAGS=-g -ffunction-sections -fdata-sections -Wall -We
TRACE::2020-07-13.02:00:49::SCWMssOS::xtra"

TRACE::2020-07-13.02:00:49::SCWMssOS::"Compiling bram"

TRACE::2020-07-13.02:00:54::SCWMssOS::"Running Make libs in microblaze_0/libsrc/cpu_v2_10/src"

TRACE::2020-07-13.02:00:54::SCWMssOS::make -C microblaze_0/libsrc/cpu_v2_10/src -s libs  "SHELL=CMD" "COMPILER=mb-gcc" "ASSEMBLER=mb-as" "ARCHIVER=mb-ar" "COMPILER_F
TRACE::2020-07-13.02:00:54::SCWMssOS::LAGS=  -O2 -c -mcpu=v11.0 -mlittle-endian -mxl-soft-mul" "EXTRA_COMPILER_FLAGS=-g -ffunction-sections -fdata-sections -Wall -We
TRACE::2020-07-13.02:00:54::SCWMssOS::xtra"

TRACE::2020-07-13.02:00:54::SCWMssOS::"Compiling cpu"

TRACE::2020-07-13.02:00:56::SCWMssOS::"Running Make libs in microblaze_0/libsrc/gpio_v4_5/src"

TRACE::2020-07-13.02:00:56::SCWMssOS::make -C microblaze_0/libsrc/gpio_v4_5/src -s libs  "SHELL=CMD" "COMPILER=mb-gcc" "ASSEMBLER=mb-as" "ARCHIVER=mb-ar" "COMPILER_F
TRACE::2020-07-13.02:00:56::SCWMssOS::LAGS=  -O2 -c -mcpu=v11.0 -mlittle-endian -mxl-soft-mul" "EXTRA_COMPILER_FLAGS=-g -ffunction-sections -fdata-sections -Wall -We
TRACE::2020-07-13.02:00:56::SCWMssOS::xtra"

TRACE::2020-07-13.02:00:56::SCWMssOS::"Compiling gpio"

TRACE::2020-07-13.02:01:04::SCWMssOS::"Running Make libs in microblaze_0/libsrc/intc_v3_10/src"

TRACE::2020-07-13.02:01:04::SCWMssOS::make -C microblaze_0/libsrc/intc_v3_10/src -s libs  "SHELL=CMD" "COMPILER=mb-gcc" "ASSEMBLER=mb-as" "ARCHIVER=mb-ar" "COMPILER_
TRACE::2020-07-13.02:01:04::SCWMssOS::FLAGS=  -O2 -c -mcpu=v11.0 -mlittle-endian -mxl-soft-mul" "EXTRA_COMPILER_FLAGS=-g -ffunction-sections -fdata-sections -Wall -W
TRACE::2020-07-13.02:01:04::SCWMssOS::extra"

TRACE::2020-07-13.02:01:04::SCWMssOS::"Compiling intc"

TRACE::2020-07-13.02:01:09::SCWMssOS::"Running Make libs in microblaze_0/libsrc/PearsonHashing128Peripheral_v1_0/src"

TRACE::2020-07-13.02:01:09::SCWMssOS::make -C microblaze_0/libsrc/PearsonHashing128Peripheral_v1_0/src -s libs  "SHELL=CMD" "COMPILER=mb-gcc" "ASSEMBLER=mb-as" "ARCH
TRACE::2020-07-13.02:01:09::SCWMssOS::IVER=mb-ar" "COMPILER_FLAGS=  -O2 -c -mcpu=v11.0 -mlittle-endian -mxl-soft-mul" "EXTRA_COMPILER_FLAGS=-g -ffunction-sections -f
TRACE::2020-07-13.02:01:09::SCWMssOS::data-sections -Wall -Wextra"

TRACE::2020-07-13.02:01:09::SCWMssOS::"Compiling PearsonHashing128Peripheral..."

TRACE::2020-07-13.02:01:10::SCWMssOS::"Running Make libs in microblaze_0/libsrc/standalone_v7_1/src"

TRACE::2020-07-13.02:01:10::SCWMssOS::make -C microblaze_0/libsrc/standalone_v7_1/src -s libs  "SHELL=CMD" "COMPILER=mb-gcc" "ASSEMBLER=mb-as" "ARCHIVER=mb-ar" "COMP
TRACE::2020-07-13.02:01:10::SCWMssOS::ILER_FLAGS=  -O2 -c -mcpu=v11.0 -mlittle-endian -mxl-soft-mul" "EXTRA_COMPILER_FLAGS=-g -ffunction-sections -fdata-sections -Wa
TRACE::2020-07-13.02:01:10::SCWMssOS::ll -Wextra"

TRACE::2020-07-13.02:01:10::SCWMssOS::"Compiling standalone";

TRACE::2020-07-13.02:01:23::SCWMssOS::"Running Make libs in microblaze_0/libsrc/tmrctr_v4_5/src"

TRACE::2020-07-13.02:01:23::SCWMssOS::make -C microblaze_0/libsrc/tmrctr_v4_5/src -s libs  "SHELL=CMD" "COMPILER=mb-gcc" "ASSEMBLER=mb-as" "ARCHIVER=mb-ar" "COMPILER
TRACE::2020-07-13.02:01:23::SCWMssOS::_FLAGS=  -O2 -c -mcpu=v11.0 -mlittle-endian -mxl-soft-mul" "EXTRA_COMPILER_FLAGS=-g -ffunction-sections -fdata-sections -Wall -
TRACE::2020-07-13.02:01:24::SCWMssOS::Wextra"

TRACE::2020-07-13.02:01:24::SCWMssOS::"Compiling tmrctr"

TRACE::2020-07-13.02:01:27::SCWMssOS::"Running Make libs in microblaze_0/libsrc/uartlite_v3_3/src"

TRACE::2020-07-13.02:01:27::SCWMssOS::make -C microblaze_0/libsrc/uartlite_v3_3/src -s libs  "SHELL=CMD" "COMPILER=mb-gcc" "ASSEMBLER=mb-as" "ARCHIVER=mb-ar" "COMPIL
TRACE::2020-07-13.02:01:27::SCWMssOS::ER_FLAGS=  -O2 -c -mcpu=v11.0 -mlittle-endian -mxl-soft-mul" "EXTRA_COMPILER_FLAGS=-g -ffunction-sections -fdata-sections -Wall
TRACE::2020-07-13.02:01:28::SCWMssOS:: -Wextra"

TRACE::2020-07-13.02:01:28::SCWMssOS::"Compiling uartlite"

TRACE::2020-07-13.02:01:31::SCWMssOS::'Finished building libraries'

TRACE::2020-07-13.02:01:31::SCWMssOS::Copying to export directory.
TRACE::2020-07-13.02:01:32::SCWMssOS:: Checking if to create the Supporting Applications
TRACE::2020-07-13.02:01:32::SCWMssOS:: No Linux domain exists, trying to generate FSBL 
LOG::2020-07-13.02:01:32::SCWSystem::Completed Processing the domain standalone_domain
LOG::2020-07-13.02:01:32::SCWSystem::Completed Processing the sysconfig agoravaiser
LOG::2020-07-13.02:01:32::SCWPlatform::Completed generating the artifacts for system configuration agoravaiser
TRACE::2020-07-13.02:01:32::SCWPlatform::Started preparing the platform 
TRACE::2020-07-13.02:01:32::SCWSystem::Writing the bif file for system config agoravaiser
TRACE::2020-07-13.02:01:32::SCWSystem::dir created 
TRACE::2020-07-13.02:01:32::SCWSystem::Writing the bif 
TRACE::2020-07-13.02:01:32::SCWPlatform::Started writing the spfm file 
TRACE::2020-07-13.02:01:32::SCWPlatform::Started writing the xpfm file 
TRACE::2020-07-13.02:01:32::SCWPlatform::Completed generating the platform
TRACE::2020-07-13.02:01:32::SCWPlatform::Trying to open the hw design at G:/CR_Praticas/A7/agoravaiser/hw/agoravaiser.xsa
TRACE::2020-07-13.02:01:32::SCWPlatform::DSA given G:/CR_Praticas/A7/agoravaiser/hw/agoravaiser.xsa
TRACE::2020-07-13.02:01:32::SCWPlatform::DSA absoulate path G:/CR_Praticas/A7/agoravaiser/hw/agoravaiser.xsa
TRACE::2020-07-13.02:01:32::SCWPlatform::DSA directory G:/CR_Praticas/A7/agoravaiser/hw
TRACE::2020-07-13.02:01:32::SCWPlatform:: Platform Path G:/CR_Praticas/A7/agoravaiser/hw/agoravaiser.xsa
TRACE::2020-07-13.02:01:32::SCWPlatform:: Unique name xilinx:nexys4::0.0
TRACE::2020-07-13.02:01:32::SCWPlatform::Trying to set the existing hwdb with name mb_design_wrapper_24
TRACE::2020-07-13.02:01:32::SCWPlatform::Opened existing hwdb mb_design_wrapper_24
TRACE::2020-07-13.02:01:32::SCWPlatform::Found the Hw Db part of the input DSA
TRACE::2020-07-13.02:01:32::SCWMssOS::Checking the sw design at  G:/CR_Praticas/A7/agoravaiser/microblaze_0/standalone_domain/bsp/system.mss
TRACE::2020-07-13.02:01:32::SCWMssOS::DEBUG:  swdes dump  G:/CR_Praticas/A7/agoravaiser/microblaze_0/standalone_domain/bsp/system.mss|system_4||
G:/CR_Praticas/A7/almostfinalhw/microblaze_0/standalone_domain/bsp/system.mss|system_0||
G:/CR_Praticas/A7/mayberesetfixed/microblaze_0/standalone_domain/bsp/system.mss|system_2||
G:/CR_Praticas/A7/newresetdjb2/microblaze_0/standalone_domain/bsp/system.mss|system_1||
G:/CR_Praticas/A7/phashLiteStream_wrapper/microblaze_0/standalone_domain/bsp/system.mss|system||
G:/CR_Praticas/A7/veseistofunciona/microblaze_0/standalone_domain/bsp/system.mss|system_3||

TRACE::2020-07-13.02:01:32::SCWMssOS::Sw design exists and opened at  G:/CR_Praticas/A7/agoravaiser/microblaze_0/standalone_domain/bsp/system.mss
TRACE::2020-07-13.02:01:32::SCWPlatform::Trying to open the hw design at G:/CR_Praticas/A7/agoravaiser/hw/agoravaiser.xsa
TRACE::2020-07-13.02:01:32::SCWPlatform::DSA given G:/CR_Praticas/A7/agoravaiser/hw/agoravaiser.xsa
TRACE::2020-07-13.02:01:32::SCWPlatform::DSA absoulate path G:/CR_Praticas/A7/agoravaiser/hw/agoravaiser.xsa
TRACE::2020-07-13.02:01:32::SCWPlatform::DSA directory G:/CR_Praticas/A7/agoravaiser/hw
TRACE::2020-07-13.02:01:32::SCWPlatform:: Platform Path G:/CR_Praticas/A7/agoravaiser/hw/agoravaiser.xsa
TRACE::2020-07-13.02:01:32::SCWPlatform:: Unique name xilinx:nexys4::0.0
TRACE::2020-07-13.02:01:33::SCWPlatform::Trying to set the existing hwdb with name mb_design_wrapper_24
TRACE::2020-07-13.02:01:33::SCWPlatform::Opened existing hwdb mb_design_wrapper_24
TRACE::2020-07-13.02:01:33::SCWPlatform::Found the Hw Db part of the input DSA
TRACE::2020-07-13.02:01:33::SCWMssOS::Checking the sw design at  G:/CR_Praticas/A7/agoravaiser/microblaze_0/standalone_domain/bsp/system.mss
TRACE::2020-07-13.02:01:33::SCWMssOS::DEBUG:  swdes dump  G:/CR_Praticas/A7/agoravaiser/microblaze_0/standalone_domain/bsp/system.mss|system_4||
G:/CR_Praticas/A7/almostfinalhw/microblaze_0/standalone_domain/bsp/system.mss|system_0||
G:/CR_Praticas/A7/mayberesetfixed/microblaze_0/standalone_domain/bsp/system.mss|system_2||
G:/CR_Praticas/A7/newresetdjb2/microblaze_0/standalone_domain/bsp/system.mss|system_1||
G:/CR_Praticas/A7/phashLiteStream_wrapper/microblaze_0/standalone_domain/bsp/system.mss|system||
G:/CR_Praticas/A7/veseistofunciona/microblaze_0/standalone_domain/bsp/system.mss|system_3||

TRACE::2020-07-13.02:01:33::SCWMssOS::Sw design exists and opened at  G:/CR_Praticas/A7/agoravaiser/microblaze_0/standalone_domain/bsp/system.mss
TRACE::2020-07-13.02:01:33::SCWPlatform::Trying to open the hw design at G:/CR_Praticas/A7/agoravaiser/hw/agoravaiser.xsa
TRACE::2020-07-13.02:01:33::SCWPlatform::DSA given G:/CR_Praticas/A7/agoravaiser/hw/agoravaiser.xsa
TRACE::2020-07-13.02:01:33::SCWPlatform::DSA absoulate path G:/CR_Praticas/A7/agoravaiser/hw/agoravaiser.xsa
TRACE::2020-07-13.02:01:33::SCWPlatform::DSA directory G:/CR_Praticas/A7/agoravaiser/hw
TRACE::2020-07-13.02:01:33::SCWPlatform:: Platform Path G:/CR_Praticas/A7/agoravaiser/hw/agoravaiser.xsa
TRACE::2020-07-13.02:01:33::SCWPlatform:: Unique name xilinx:nexys4::0.0
TRACE::2020-07-13.02:01:33::SCWPlatform::Trying to set the existing hwdb with name mb_design_wrapper_24
TRACE::2020-07-13.02:01:33::SCWPlatform::Opened existing hwdb mb_design_wrapper_24
TRACE::2020-07-13.02:01:33::SCWPlatform::Found the Hw Db part of the input DSA
TRACE::2020-07-13.02:01:33::SCWMssOS::Checking the sw design at  G:/CR_Praticas/A7/agoravaiser/microblaze_0/standalone_domain/bsp/system.mss
TRACE::2020-07-13.02:01:33::SCWMssOS::DEBUG:  swdes dump  G:/CR_Praticas/A7/agoravaiser/microblaze_0/standalone_domain/bsp/system.mss|system_4||
G:/CR_Praticas/A7/almostfinalhw/microblaze_0/standalone_domain/bsp/system.mss|system_0||
G:/CR_Praticas/A7/mayberesetfixed/microblaze_0/standalone_domain/bsp/system.mss|system_2||
G:/CR_Praticas/A7/newresetdjb2/microblaze_0/standalone_domain/bsp/system.mss|system_1||
G:/CR_Praticas/A7/phashLiteStream_wrapper/microblaze_0/standalone_domain/bsp/system.mss|system||
G:/CR_Praticas/A7/veseistofunciona/microblaze_0/standalone_domain/bsp/system.mss|system_3||

TRACE::2020-07-13.02:01:33::SCWMssOS::Sw design exists and opened at  G:/CR_Praticas/A7/agoravaiser/microblaze_0/standalone_domain/bsp/system.mss
TRACE::2020-07-13.02:01:33::SCWWriter::formatted JSON is {
	"platformName":	"agoravaiser",
	"sprVersion":	"2.0",
	"mode":	"gui",
	"dsaType":	"Fixed",
	"platformDesc":	"agoravaiser",
	"platHandOff":	"E:/lixo7/agoravaiser.xsa",
	"platIntHandOff":	"<platformDir>/hw/agoravaiser.xsa",
	"deviceType":	"FPGA",
	"platIsPrebuiltAutogen":	"false",
	"platIsNoBootBsp":	"false",
	"hasFsblMakeHasChanges":	"false",
	"hasPmufwMakeHasChanges":	"false",
	"platPreBuiltFlag":	false,
	"platformSamplesDir":	"",
	"platActiveSys":	"agoravaiser",
	"systems":	[{
			"systemName":	"agoravaiser",
			"systemDesc":	"agoravaiser",
			"sysIsBootAutoGen":	"true",
			"systemDispName":	"agoravaiser",
			"sysActiveDom":	"standalone_domain",
			"sysDefaultDom":	"standalone_domain",
			"domains":	[{
					"domainName":	"standalone_domain",
					"domainDispName":	"standalone on microblaze_0",
					"domainDesc":	"standalone_domain",
					"processors":	"microblaze_0",
					"os":	"standalone",
					"sdxOs":	"standalone",
					"debugEnable":	"False",
					"domRuntimes":	["cpp"],
					"swRepo":	"",
					"mssOsVer":	"7.1",
					"mssFile":	"",
					"md5Digest":	"568a8035ff65a4ddc76de131160135eb",
					"compatibleApp":	"hello_world",
					"domType":	"mssDomain",
					"arch":	"32-bit",
					"appSettings":	{
						"appCompilerFlags":	"",
						"appLinkerFlags":	""
					},
					"addedLibs":	[],
					"libOptions":	{
						"libsContainingOptions":	[]
					},
					"prebuiltLibs":	{
						"prebuiltIncPath":	[],
						"prebuiltLibPath":	[]
					},
					"isolation":	{
					}
				}]
		}]
}
KEYINFO::2020-07-13.02:01:33::SCWPlatform::updated the xpfm file.
TRACE::2020-07-13.02:01:35::SCWPlatform::Trying to open the hw design at G:/CR_Praticas/A7/agoravaiser/hw/agoravaiser.xsa
TRACE::2020-07-13.02:01:35::SCWPlatform::DSA given G:/CR_Praticas/A7/agoravaiser/hw/agoravaiser.xsa
TRACE::2020-07-13.02:01:35::SCWPlatform::DSA absoulate path G:/CR_Praticas/A7/agoravaiser/hw/agoravaiser.xsa
TRACE::2020-07-13.02:01:35::SCWPlatform::DSA directory G:/CR_Praticas/A7/agoravaiser/hw
TRACE::2020-07-13.02:01:35::SCWPlatform:: Platform Path G:/CR_Praticas/A7/agoravaiser/hw/agoravaiser.xsa
TRACE::2020-07-13.02:01:35::SCWPlatform:: Unique name xilinx:nexys4::0.0
TRACE::2020-07-13.02:01:35::SCWPlatform::Trying to set the existing hwdb with name mb_design_wrapper_24
TRACE::2020-07-13.02:01:35::SCWPlatform::Opened existing hwdb mb_design_wrapper_24
TRACE::2020-07-13.02:01:35::SCWPlatform::Found the Hw Db part of the input DSA
TRACE::2020-07-13.02:01:35::SCWMssOS::Checking the sw design at  G:/CR_Praticas/A7/agoravaiser/microblaze_0/standalone_domain/bsp/system.mss
TRACE::2020-07-13.02:01:35::SCWMssOS::DEBUG:  swdes dump  G:/CR_Praticas/A7/agoravaiser/microblaze_0/standalone_domain/bsp/system.mss|system_4||
G:/CR_Praticas/A7/almostfinalhw/microblaze_0/standalone_domain/bsp/system.mss|system_0||
G:/CR_Praticas/A7/mayberesetfixed/microblaze_0/standalone_domain/bsp/system.mss|system_2||
G:/CR_Praticas/A7/newresetdjb2/microblaze_0/standalone_domain/bsp/system.mss|system_1||
G:/CR_Praticas/A7/phashLiteStream_wrapper/microblaze_0/standalone_domain/bsp/system.mss|system||
G:/CR_Praticas/A7/veseistofunciona/microblaze_0/standalone_domain/bsp/system.mss|system_3||

TRACE::2020-07-13.02:01:35::SCWMssOS::Sw design exists and opened at  G:/CR_Praticas/A7/agoravaiser/microblaze_0/standalone_domain/bsp/system.mss
