Vivado Simulator 2019.2
Copyright 1986-1999, 2001-2019 Xilinx, Inc. All Rights Reserved.
Running: C:/Xilinx/Vivado/2019.2/bin/unwrapped/win64.o/xelab.exe -wto c850199fb84548ea89e5a283005f2db1 --incr --debug typical --relax --mt 2 -L xil_defaultlib -L secureip --snapshot PearsonHashing_tb_func_impl xil_defaultlib.PearsonHashing_tb -log elaborate.log 
Using 2 slave threads.
Starting static elaboration
Completed static elaboration
Starting simulation data flow analysis
Completed simulation data flow analysis
Time Resolution for simulation is 1ps
Compiling package std.standard
Compiling package std.textio
Compiling package ieee.std_logic_1164
Compiling package ieee.numeric_std
Compiling package unisim.vcomponents
Compiling package ieee.vital_timing
Compiling package ieee.vital_primitives
Compiling package unisim.vpkg
Compiling architecture lut6_v of entity unisim.LUT6 [\LUT6(init="01101110001000101010...]
Compiling architecture lut6_v of entity unisim.LUT6 [\LUT6(init="10111100000011000100...]
Compiling architecture lut6_v of entity unisim.LUT6 [\LUT6(init="01010110010101100101...]
Compiling architecture muxf7_v of entity unisim.MUXF7 [muxf7_default]
Compiling architecture lut6_v of entity unisim.LUT6 [\LUT6(init="11101110111010111011...]
Compiling architecture muxf8_v of entity unisim.MUXF8 [muxf8_default]
Compiling architecture lut6_v of entity unisim.LUT6 [\LUT6(init="00101001100001110100...]
Compiling architecture lut6_v of entity unisim.LUT6 [\LUT6(init="10000110011010100001...]
Compiling architecture lut6_v of entity unisim.LUT6 [\LUT6(init="00110101010000101000...]
Compiling architecture lut6_v of entity unisim.LUT6 [\LUT6(init="00100111000110001110...]
Compiling architecture lut6_v of entity unisim.LUT6 [\LUT6(init="11010001101010101000...]
Compiling architecture lut6_v of entity unisim.LUT6 [\LUT6(init="01010011110011001100...]
Compiling architecture lut6_v of entity unisim.LUT6 [\LUT6(init="00100001101101111011...]
Compiling architecture lut6_v of entity unisim.LUT6 [\LUT6(init="00000110011011111100...]
Compiling architecture lut6_v of entity unisim.LUT6 [\LUT6(init="00111000110010011101...]
Compiling architecture lut6_v of entity unisim.LUT6 [\LUT6(init="10000101110100101111...]
Compiling architecture lut6_v of entity unisim.LUT6 [\LUT6(init="01100111110000101100...]
Compiling architecture lut6_v of entity unisim.LUT6 [\LUT6(init="00111110010110001111...]
Compiling architecture lut6_v of entity unisim.LUT6 [\LUT6(init="01011011010111110101...]
Compiling architecture lut6_v of entity unisim.LUT6 [\LUT6(init="10011011101110111001...]
Compiling architecture lut6_v of entity unisim.LUT6 [\LUT6(init="00001110001110011101...]
Compiling architecture lut6_v of entity unisim.LUT6 [\LUT6(init="10101000100001111101...]
Compiling architecture lut6_v of entity unisim.LUT6 [\LUT6(init="10011110111100101111...]
Compiling architecture lut6_v of entity unisim.LUT6 [\LUT6(init="11101001010111010101...]
Compiling architecture lut6_v of entity unisim.LUT6 [\LUT6(init="00000000000010110101...]
Compiling architecture lut6_v of entity unisim.LUT6 [\LUT6(init="00000000100010100011...]
Compiling architecture lut6_v of entity unisim.LUT6 [\LUT6(init="10100100100100001001...]
Compiling architecture lut6_v of entity unisim.LUT6 [\LUT6(init="01100100010000010110...]
Compiling architecture lut6_v of entity unisim.LUT6 [\LUT6(init="00000110001111001011...]
Compiling architecture lut6_v of entity unisim.LUT6 [\LUT6(init="00101000101001010100...]
Compiling architecture lut6_v of entity unisim.LUT6 [\LUT6(init="10101111011010110011...]
Compiling architecture lut6_v of entity unisim.LUT6 [\LUT6(init="11101110100111100000...]
Compiling architecture lut6_v of entity unisim.LUT6 [\LUT6(init="01011111001101000111...]
Compiling architecture lut6_v of entity unisim.LUT6 [\LUT6(init="10111011001001010011...]
Compiling architecture lut6_v of entity unisim.LUT6 [\LUT6(init="00011110110111001011...]
Compiling architecture lut6_v of entity unisim.LUT6 [\LUT6(init="10101001111100010100...]
Compiling architecture lut6_v of entity unisim.LUT6 [\LUT6(init="00011111100101011101...]
Compiling architecture lut6_v of entity unisim.LUT6 [\LUT6(init="10101011011000110101...]
Compiling architecture lut6_v of entity unisim.LUT6 [\LUT6(init="01011100111100010111...]
Compiling architecture lut6_v of entity unisim.LUT6 [\LUT6(init="10110001010101110011...]
Compiling architecture lut6_v of entity unisim.LUT6 [\LUT6(init="01110110110101111100...]
Compiling architecture lut6_v of entity unisim.LUT6 [\LUT6(init="00111101011110110101...]
Compiling architecture lut6_v of entity unisim.LUT6 [\LUT6(init="10110011111010001010...]
Compiling architecture lut6_v of entity unisim.LUT6 [\LUT6(init="01001111110101001100...]
Compiling architecture lut6_v of entity unisim.LUT6 [\LUT6(init="11100001101011110101...]
Compiling architecture lut6_v of entity unisim.LUT6 [\LUT6(init="01010110111011100011...]
Compiling architecture lut6_v of entity unisim.LUT6 [\LUT6(init="00101001100110111000...]
Compiling architecture lut6_v of entity unisim.LUT6 [\LUT6(init="10000110110010110100...]
Compiling architecture lut6_v of entity unisim.LUT6 [\LUT6(init="00110001110101110010...]
Compiling architecture lut6_v of entity unisim.LUT6 [\LUT6(init="00000111011110110000...]
Compiling architecture lut6_v of entity unisim.LUT6 [\LUT6(init="11000101001100011101...]
Compiling architecture lut6_v of entity unisim.LUT6 [\LUT6(init="01110010000001111101...]
Compiling architecture lut6_v of entity unisim.LUT6 [\LUT6(init="10000011101010011011...]
Compiling architecture lut6_v of entity unisim.LUT6 [\LUT6(init="01001010110001101100...]
Compiling architecture lut6_v of entity unisim.LUT6 [\LUT6(init="10101010011001000100...]
Compiling architecture lut6_v of entity unisim.LUT6 [\LUT6(init="11001100001101001001...]
Compiling architecture lut6_v of entity unisim.LUT6 [\LUT6(init="00101100011110100011...]
Compiling architecture lut6_v of entity unisim.LUT6 [\LUT6(init="10100100100111010000...]
Compiling architecture lut6_v of entity unisim.LUT6 [\LUT6(init="10010010110110111110...]
Compiling architecture lut6_v of entity unisim.LUT6 [\LUT6(init="01001001110110111101...]
Compiling architecture lut6_v of entity unisim.LUT6 [\LUT6(init="11110101011011010100...]
Compiling architecture lut6_v of entity unisim.LUT6 [\LUT6(init="01110111101101101001...]
Compiling architecture lut6_v of entity unisim.LUT6 [\LUT6(init="10110011110011111001...]
Compiling architecture lut6_v of entity unisim.LUT6 [\LUT6(init="01001111111110101110...]
Compiling architecture lut6_v of entity unisim.LUT6 [\LUT6(init="00011011111001111111...]
Compiling architecture lut6_v of entity unisim.LUT6 [\LUT6(init="10001011011111100101...]
Compiling architecture lut6_v of entity unisim.LUT6 [\LUT6(init="00110000000110101010...]
Compiling architecture lut6_v of entity unisim.LUT6 [\LUT6(init="00000101100010011110...]
Compiling architecture obuf_v of entity unisim.OBUF [\OBUF(1,9)(1,7)(1,4)\]
Compiling architecture lut6_v of entity unisim.LUT6 [\LUT6(init="10101111101000001100...]
Compiling architecture ibuf_v of entity unisim.IBUF [\IBUF(1,9)(1,1)(1,4)(1,7)\]
Compiling architecture structure of entity xil_defaultlib.PearsonHashing [pearsonhashing_default]
Compiling architecture tb of entity xil_defaultlib.pearsonhashing_tb
Built simulation snapshot PearsonHashing_tb_func_impl
