#-----------------------------------------------------------
# Vivado v2019.2 (64-bit)
# SW Build 2708876 on Wed Nov  6 21:40:23 MST 2019
# IP Build 2700528 on Thu Nov  7 00:09:20 MST 2019
# Start of session at: Mon Jul 13 03:02:40 2020
# Process ID: 11028
# Current directory: C:/HwAssistedWhosWho/djb2
# Command line: vivado.exe -gui_launcher_event rodinguilauncherevent8152 C:\HwAssistedWhosWho\djb2\djb2.xpr
# Log file: C:/HwAssistedWhosWho/djb2/vivado.log
# Journal file: C:/HwAssistedWhosWho/djb2\vivado.jou
#-----------------------------------------------------------
start_gui
open_project C:/HwAssistedWhosWho/djb2/djb2.xpr
Scanning sources...
Finished scanning sources
INFO: [IP_Flow 19-234] Refreshing IP repositories
INFO: [IP_Flow 19-1700] Loaded user IP repository 'c:/HwAssistedWhosWho/ip_repo/djb2Cop_1.0'.
INFO: [IP_Flow 19-1700] Loaded user IP repository 'c:/CR/projects/ip_repo'.
INFO: [IP_Flow 19-2313] Loaded Vivado IP repository 'C:/Xilinx/Vivado/2019.2/data/ip'.
open_project: Time (s): cpu = 00:00:17 ; elapsed = 00:00:10 . Memory (MB): peak = 1127.730 ; gain = 436.695
update_compile_order -fileset sources_1
config_ip_cache -clear_output_repo
reset_run synth_1
exit
INFO: [Common 17-206] Exiting Vivado at Mon Jul 13 03:03:25 2020...
