Vivado Simulator 2019.2
Copyright 1986-1999, 2001-2019 Xilinx, Inc. All Rights Reserved.
Running: C:/Xilinx/Vivado/2019.2/bin/unwrapped/win64.o/xelab.exe -wto b02cfb724c8441caa99d1f0f0d85e96b --incr --debug typical --relax --mt 2 -L xil_defaultlib -L secureip --snapshot PearsonHashing128_tb_func_synth xil_defaultlib.PearsonHashing128_tb -log elaborate.log 
Using 2 slave threads.
Starting static elaboration
Completed static elaboration
Starting simulation data flow analysis
Completed simulation data flow analysis
Time Resolution for simulation is 1ps
Compiling package std.standard
Compiling package std.textio
Compiling package ieee.std_logic_1164
Compiling package ieee.numeric_std
Compiling package unisim.vcomponents
Compiling package ieee.vital_timing
Compiling package ieee.vital_primitives
Compiling package unisim.vpkg
Compiling architecture lut6_v of entity unisim.LUT6 [\LUT6(init="01101110001000101010...]
Compiling architecture lut6_v of entity unisim.LUT6 [\LUT6(init="10011100010101000010...]
Compiling architecture lut6_v of entity unisim.LUT6 [\LUT6(init="01010110010101100101...]
Compiling architecture muxf7_v of entity unisim.MUXF7 [muxf7_default]
Compiling architecture lut6_v of entity unisim.LUT6 [\LUT6(init="10101111101000001100...]
Compiling architecture lut6_v of entity unisim.LUT6 [\LUT6(init="11101110111010111011...]
Compiling architecture lut2_v of entity unisim.LUT2 [\LUT2(init="0110")(0,3)\]
Compiling architecture lut6_v of entity unisim.LUT6 [\LUT6(init="00101001100001110100...]
Compiling architecture lut6_v of entity unisim.LUT6 [\LUT6(init="00100100010000011110...]
Compiling architecture lut6_v of entity unisim.LUT6 [\LUT6(init="00110101010000101000...]
Compiling architecture lut6_v of entity unisim.LUT6 [\LUT6(init="10000101101100110011...]
Compiling architecture lut6_v of entity unisim.LUT6 [\LUT6(init="11010001101010101000...]
Compiling architecture lut6_v of entity unisim.LUT6 [\LUT6(init="11010001100010110100...]
Compiling architecture lut6_v of entity unisim.LUT6 [\LUT6(init="00100001101101111011...]
Compiling architecture lut6_v of entity unisim.LUT6 [\LUT6(init="10001110100010110100...]
Compiling architecture lut6_v of entity unisim.LUT6 [\LUT6(init="00111000110010011101...]
Compiling architecture lut6_v of entity unisim.LUT6 [\LUT6(init="10100111111010000101...]
Compiling architecture lut6_v of entity unisim.LUT6 [\LUT6(init="01100111110000101100...]
Compiling architecture lut6_v of entity unisim.LUT6 [\LUT6(init="10110100101111010111...]
Compiling architecture lut6_v of entity unisim.LUT6 [\LUT6(init="01011011010111110101...]
Compiling architecture lut6_v of entity unisim.LUT6 [\LUT6(init="00110011110001110011...]
Compiling architecture lut6_v of entity unisim.LUT6 [\LUT6(init="00001110001110011101...]
Compiling architecture lut6_v of entity unisim.LUT6 [\LUT6(init="10100010110111000000...]
Compiling architecture lut6_v of entity unisim.LUT6 [\LUT6(init="10011110111100101111...]
Compiling architecture lut6_v of entity unisim.LUT6 [\LUT6(init="11101011010111101111...]
Compiling architecture lut6_v of entity unisim.LUT6 [\LUT6(init="00000000000010110101...]
Compiling architecture lut6_v of entity unisim.LUT6 [\LUT6(init="00100010001010000010...]
Compiling architecture lut6_v of entity unisim.LUT6 [\LUT6(init="10100100100100001001...]
Compiling architecture lut6_v of entity unisim.LUT6 [\LUT6(init="11000110001110100110...]
Compiling architecture lut6_v of entity unisim.LUT6 [\LUT6(init="00000110001111001011...]
Compiling architecture lut6_v of entity unisim.LUT6 [\LUT6(init="10001010000101100000...]
Compiling architecture lut6_v of entity unisim.LUT6 [\LUT6(init="10101111011010110011...]
Compiling architecture lut6_v of entity unisim.LUT6 [\LUT6(init="01001110010111110011...]
Compiling architecture lut6_v of entity unisim.LUT6 [\LUT6(init="01011111001101000111...]
Compiling architecture lut6_v of entity unisim.LUT6 [\LUT6(init="00111011011111110000...]
Compiling architecture lut6_v of entity unisim.LUT6 [\LUT6(init="00011110110111001011...]
Compiling architecture lut6_v of entity unisim.LUT6 [\LUT6(init="10001011010111101111...]
Compiling architecture lut6_v of entity unisim.LUT6 [\LUT6(init="00011111100101011101...]
Compiling architecture lut6_v of entity unisim.LUT6 [\LUT6(init="10100011010111011110...]
Compiling architecture lut6_v of entity unisim.LUT6 [\LUT6(init="01011100111100010111...]
Compiling architecture lut6_v of entity unisim.LUT6 [\LUT6(init="00111011011110001111...]
Compiling architecture lut6_v of entity unisim.LUT6 [\LUT6(init="01110110110101111100...]
Compiling architecture lut6_v of entity unisim.LUT6 [\LUT6(init="10110101000101000111...]
Compiling architecture lut6_v of entity unisim.LUT6 [\LUT6(init="10110011111010001010...]
Compiling architecture lut6_v of entity unisim.LUT6 [\LUT6(init="11001101100011011111...]
Compiling architecture lut6_v of entity unisim.LUT6 [\LUT6(init="11100001101011110101...]
Compiling architecture lut6_v of entity unisim.LUT6 [\LUT6(init="01110110001000010110...]
Compiling architecture lut6_v of entity unisim.LUT6 [\LUT6(init="00101001100110111000...]
Compiling architecture lut6_v of entity unisim.LUT6 [\LUT6(init="10000100010000010100...]
Compiling architecture lut6_v of entity unisim.LUT6 [\LUT6(init="00110001110101110010...]
Compiling architecture lut6_v of entity unisim.LUT6 [\LUT6(init="00001101000010010101...]
Compiling architecture lut6_v of entity unisim.LUT6 [\LUT6(init="11000101001100011101...]
Compiling architecture lut6_v of entity unisim.LUT6 [\LUT6(init="11110010100110011010...]
Compiling architecture lut6_v of entity unisim.LUT6 [\LUT6(init="10000011101010011011...]
Compiling architecture lut6_v of entity unisim.LUT6 [\LUT6(init="11001010100011111110...]
Compiling architecture lut6_v of entity unisim.LUT6 [\LUT6(init="10101010011001000100...]
Compiling architecture lut6_v of entity unisim.LUT6 [\LUT6(init="01100100110001001011...]
Compiling architecture lut6_v of entity unisim.LUT6 [\LUT6(init="00101100011110100011...]
Compiling architecture lut6_v of entity unisim.LUT6 [\LUT6(init="00001110010110101001...]
Compiling architecture lut6_v of entity unisim.LUT6 [\LUT6(init="10010010110110111110...]
Compiling architecture lut6_v of entity unisim.LUT6 [\LUT6(init="11101001100011001101...]
Compiling architecture lut6_v of entity unisim.LUT6 [\LUT6(init="11110101011011010100...]
Compiling architecture lut6_v of entity unisim.LUT6 [\LUT6(init="01110101100100010001...]
Compiling architecture lut6_v of entity unisim.LUT6 [\LUT6(init="10110011110011111001...]
Compiling architecture lut6_v of entity unisim.LUT6 [\LUT6(init="11000111101011011101...]
Compiling architecture lut6_v of entity unisim.LUT6 [\LUT6(init="00011011111001111111...]
Compiling architecture lut6_v of entity unisim.LUT6 [\LUT6(init="10101011010011110111...]
Compiling architecture lut6_v of entity unisim.LUT6 [\LUT6(init="00110000000110101010...]
Compiling architecture lut6_v of entity unisim.LUT6 [\LUT6(init="10001101101000101000...]
Compiling architecture obuf_v of entity unisim.OBUF [\OBUF(1,9)(1,7)(1,4)\]
Compiling architecture ibuf_v of entity unisim.IBUF [\IBUF(1,9)(1,1)(1,4)(1,7)\]
Compiling architecture structure of entity xil_defaultlib.PearsonHashing128 [pearsonhashing128_default]
Compiling architecture tb of entity xil_defaultlib.pearsonhashing128_tb
Built simulation snapshot PearsonHashing128_tb_func_synth
