Vivado Simulator 2019.2
Copyright 1986-1999, 2001-2019 Xilinx, Inc. All Rights Reserved.
Running: C:/Xilinx/Vivado/2019.2/bin/unwrapped/win64.o/xelab.exe -wto fa6cdc79e0e5492298a38f585d522e93 --incr --debug typical --relax --mt 2 -L xil_defaultlib -L secureip --snapshot PearsonHashing128_tb_func_impl xil_defaultlib.PearsonHashing128_tb -log elaborate.log 
Using 2 slave threads.
Starting static elaboration
Completed static elaboration
Starting simulation data flow analysis
Completed simulation data flow analysis
Time Resolution for simulation is 1ps
Compiling package std.standard
Compiling package std.textio
Compiling package ieee.std_logic_1164
Compiling package ieee.numeric_std
Compiling package unisim.vcomponents
Compiling package ieee.vital_timing
Compiling package ieee.vital_primitives
Compiling package unisim.vpkg
Compiling architecture lut6_v of entity unisim.LUT6 [\LUT6(init="01101110001000101010...]
Compiling architecture lut6_v of entity unisim.LUT6 [\LUT6(init="00101001100001110100...]
Compiling architecture lut6_v of entity unisim.LUT6 [\LUT6(init="00110101010000101000...]
Compiling architecture lut6_v of entity unisim.LUT6 [\LUT6(init="11010001101010101000...]
Compiling architecture lut6_v of entity unisim.LUT6 [\LUT6(init="00100001101101111011...]
Compiling architecture lut6_v of entity unisim.LUT6 [\LUT6(init="00111000110010011101...]
Compiling architecture lut6_v of entity unisim.LUT6 [\LUT6(init="01100111110000101100...]
Compiling architecture lut6_v of entity unisim.LUT6 [\LUT6(init="01011011010111110101...]
Compiling architecture lut6_v of entity unisim.LUT6 [\LUT6(init="00001110001110011101...]
Compiling architecture lut6_v of entity unisim.LUT6 [\LUT6(init="10011110111100101111...]
Compiling architecture lut6_v of entity unisim.LUT6 [\LUT6(init="00000000000010110101...]
Compiling architecture lut6_v of entity unisim.LUT6 [\LUT6(init="10100100100100001001...]
Compiling architecture lut6_v of entity unisim.LUT6 [\LUT6(init="00000110001111001011...]
Compiling architecture lut6_v of entity unisim.LUT6 [\LUT6(init="10101111011010110011...]
Compiling architecture lut6_v of entity unisim.LUT6 [\LUT6(init="01011111001101000111...]
Compiling architecture lut6_v of entity unisim.LUT6 [\LUT6(init="00011110110111001011...]
Compiling architecture lut6_v of entity unisim.LUT6 [\LUT6(init="00011111100101011101...]
Compiling architecture lut6_v of entity unisim.LUT6 [\LUT6(init="01011100111100010111...]
Compiling architecture lut6_v of entity unisim.LUT6 [\LUT6(init="01110110110101111100...]
Compiling architecture lut6_v of entity unisim.LUT6 [\LUT6(init="10110011111010001010...]
Compiling architecture lut6_v of entity unisim.LUT6 [\LUT6(init="11100001101011110101...]
Compiling architecture lut6_v of entity unisim.LUT6 [\LUT6(init="00101001100110111000...]
Compiling architecture lut6_v of entity unisim.LUT6 [\LUT6(init="00110001110101110010...]
Compiling architecture lut6_v of entity unisim.LUT6 [\LUT6(init="11000101001100011101...]
Compiling architecture lut6_v of entity unisim.LUT6 [\LUT6(init="10000011101010011011...]
Compiling architecture lut6_v of entity unisim.LUT6 [\LUT6(init="10101010011001000100...]
Compiling architecture lut6_v of entity unisim.LUT6 [\LUT6(init="00101100011110100011...]
Compiling architecture lut6_v of entity unisim.LUT6 [\LUT6(init="10010010110110111110...]
Compiling architecture lut6_v of entity unisim.LUT6 [\LUT6(init="11110101011011010100...]
Compiling architecture lut6_v of entity unisim.LUT6 [\LUT6(init="10110011110011111001...]
Compiling architecture lut6_v of entity unisim.LUT6 [\LUT6(init="00011011111001111111...]
Compiling architecture lut6_v of entity unisim.LUT6 [\LUT6(init="00110000000110101010...]
Compiling architecture muxf8_v of entity unisim.MUXF8 [muxf8_default]
Compiling architecture muxf7_v of entity unisim.MUXF7 [muxf7_default]
Compiling architecture structure of entity xil_defaultlib.PearsonHashing128 [pearsonhashing128_default]
Compiling architecture lut6_v of entity unisim.LUT6 [\LUT6(init="10011101000100010101...]
Compiling architecture lut6_v of entity unisim.LUT6 [\LUT6(init="00010110010010111000...]
Compiling architecture lut6_v of entity unisim.LUT6 [\LUT6(init="00111010100000010100...]
Compiling architecture lut6_v of entity unisim.LUT6 [\LUT6(init="11100010010101010100...]
Compiling architecture lut6_v of entity unisim.LUT6 [\LUT6(init="00010010011110110111...]
Compiling architecture lut6_v of entity unisim.LUT6 [\LUT6(init="00110100110001101110...]
Compiling architecture lut6_v of entity unisim.LUT6 [\LUT6(init="10011011110000011100...]
Compiling architecture lut6_v of entity unisim.LUT6 [\LUT6(init="10100111101011111010...]
Compiling architecture lut6_v of entity unisim.LUT6 [\LUT6(init="00001101001101101110...]
Compiling architecture lut6_v of entity unisim.LUT6 [\LUT6(init="01101101111100011111...]
Compiling architecture lut6_v of entity unisim.LUT6 [\LUT6(init="00000000000001111010...]
Compiling architecture lut6_v of entity unisim.LUT6 [\LUT6(init="01011000011000000110...]
Compiling architecture lut6_v of entity unisim.LUT6 [\LUT6(init="00001001001111000111...]
Compiling architecture lut6_v of entity unisim.LUT6 [\LUT6(init="01011111100101110011...]
Compiling architecture lut6_v of entity unisim.LUT6 [\LUT6(init="10101111001110001011...]
Compiling architecture lut6_v of entity unisim.LUT6 [\LUT6(init="00101101111011000111...]
Compiling architecture lut6_v of entity unisim.LUT6 [\LUT6(init="00101111011010101110...]
Compiling architecture lut6_v of entity unisim.LUT6 [\LUT6(init="10101100111100101011...]
Compiling architecture lut6_v of entity unisim.LUT6 [\LUT6(init="10111001111010111100...]
Compiling architecture lut6_v of entity unisim.LUT6 [\LUT6(init="01110011110101000101...]
Compiling architecture lut6_v of entity unisim.LUT6 [\LUT6(init="11010010010111111010...]
Compiling architecture lut6_v of entity unisim.LUT6 [\LUT6(init="00010110011001110100...]
Compiling architecture lut6_v of entity unisim.LUT6 [\LUT6(init="00110010111010110001...]
Compiling architecture lut6_v of entity unisim.LUT6 [\LUT6(init="11001010001100101110...]
Compiling architecture lut6_v of entity unisim.LUT6 [\LUT6(init="01000011010101100111...]
Compiling architecture lut6_v of entity unisim.LUT6 [\LUT6(init="01010101100110001000...]
Compiling architecture lut6_v of entity unisim.LUT6 [\LUT6(init="00011100101101010011...]
Compiling architecture lut6_v of entity unisim.LUT6 [\LUT6(init="01100001111001111101...]
Compiling architecture lut6_v of entity unisim.LUT6 [\LUT6(init="11111010100111101000...]
Compiling architecture lut6_v of entity unisim.LUT6 [\LUT6(init="01110011110011110110...]
Compiling architecture lut6_v of entity unisim.LUT6 [\LUT6(init="00100111110110111111...]
Compiling architecture lut6_v of entity unisim.LUT6 [\LUT6(init="00110000001001010101...]
Compiling architecture lut2_v of entity unisim.LUT2 [\LUT2(init="0110")(0,3)\]
Compiling architecture lut3_v of entity unisim.LUT3 [\LUT3(init="01111000")(0,7)\]
Compiling architecture lut4_v of entity unisim.LUT4 [\LUT4(init="0111111110000000")(0...]
Compiling architecture lut5_v of entity unisim.LUT5 [\LUT5(init="01111111111111111000...]
Compiling architecture lut6_v of entity unisim.LUT6 [\LUT6(init="01111111111111111111...]
Compiling architecture lut6_v of entity unisim.LUT6 [\LUT6(init="10101111101000001100...]
Compiling architecture lut6_v of entity unisim.LUT6 [\LUT6(init="10000000000000000000...]
Compiling architecture structure of entity xil_defaultlib.PearsonHashing128_0 [pearsonhashing128_0_default]
Compiling architecture lut6_v of entity unisim.LUT6 [\LUT6(init="10111010010100000110...]
Compiling architecture lut6_v of entity unisim.LUT6 [\LUT6(init="10110100100010010000...]
Compiling architecture lut6_v of entity unisim.LUT6 [\LUT6(init="10100000001111000101...]
Compiling architecture lut6_v of entity unisim.LUT6 [\LUT6(init="11000111011010001101...]
Compiling architecture lut6_v of entity unisim.LUT6 [\LUT6(init="10100110100010110111...]
Compiling architecture lut6_v of entity unisim.LUT6 [\LUT6(init="00110101101001000101...]
Compiling architecture lut6_v of entity unisim.LUT6 [\LUT6(init="10101100010111001101...]
Compiling architecture lut6_v of entity unisim.LUT6 [\LUT6(init="10011001111011110001...]
Compiling architecture lut6_v of entity unisim.LUT6 [\LUT6(init="00011011100100101101...]
Compiling architecture lut6_v of entity unisim.LUT6 [\LUT6(init="11011110001101100110...]
Compiling architecture lut6_v of entity unisim.LUT6 [\LUT6(init="10000001100000001000...]
Compiling architecture lut6_v of entity unisim.LUT6 [\LUT6(init="01100100000100100100...]
Compiling architecture lut6_v of entity unisim.LUT6 [\LUT6(init="00001011000100110110...]
Compiling architecture lut6_v of entity unisim.LUT6 [\LUT6(init="11111011100111001010...]
Compiling architecture lut6_v of entity unisim.LUT6 [\LUT6(init="00011010011110111010...]
Compiling architecture lut6_v of entity unisim.LUT6 [\LUT6(init="00011101001101111110...]
Compiling architecture lut6_v of entity unisim.LUT6 [\LUT6(init="00011100101110111100...]
Compiling architecture lut6_v of entity unisim.LUT6 [\LUT6(init="00010110111101101010...]
Compiling architecture lut6_v of entity unisim.LUT6 [\LUT6(init="10101100111101110100...]
Compiling architecture lut6_v of entity unisim.LUT6 [\LUT6(init="01101111001011000111...]
Compiling architecture lut6_v of entity unisim.LUT6 [\LUT6(init="11100111110010011000...]
Compiling architecture lut6_v of entity unisim.LUT6 [\LUT6(init="10110101100010101100...]
Compiling architecture lut6_v of entity unisim.LUT6 [\LUT6(init="10100100101011110010...]
Compiling architecture lut6_v of entity unisim.LUT6 [\LUT6(init="01000010110110101101...]
Compiling architecture lut6_v of entity unisim.LUT6 [\LUT6(init="01001111100010000111...]
Compiling architecture lut6_v of entity unisim.LUT6 [\LUT6(init="01111010000001010001...]
Compiling architecture lut6_v of entity unisim.LUT6 [\LUT6(init="10110011000101101010...]
Compiling architecture lut6_v of entity unisim.LUT6 [\LUT6(init="11001101101001101111...]
Compiling architecture lut6_v of entity unisim.LUT6 [\LUT6(init="01100011111111011001...]
Compiling architecture lut6_v of entity unisim.LUT6 [\LUT6(init="11101101101011011101...]
Compiling architecture lut6_v of entity unisim.LUT6 [\LUT6(init="10011110101011010110...]
Compiling architecture lut6_v of entity unisim.LUT6 [\LUT6(init="10100001001000101111...]
Compiling architecture lut5_v of entity unisim.LUT5 [\LUT5(init="10000000000000000000...]
Compiling architecture structure of entity xil_defaultlib.PearsonHashing128_1 [pearsonhashing128_1_default]
Compiling architecture lut2_v of entity unisim.LUT2 [\LUT2(init="1001")(0,3)\]
Compiling architecture lut3_v of entity unisim.LUT3 [\LUT3(init="00011110")(0,7)\]
Compiling architecture lut4_v of entity unisim.LUT4 [\LUT4(init="0001111111100000")(0...]
Compiling architecture lut5_v of entity unisim.LUT5 [\LUT5(init="01010111111111111010...]
Compiling architecture lut6_v of entity unisim.LUT6 [\LUT6(init="01010111111111111111...]
Compiling architecture lut6_v of entity unisim.LUT6 [\LUT6(init="10001000100000000000...]
Compiling architecture structure of entity xil_defaultlib.PearsonHashing128_2 [pearsonhashing128_2_default]
Compiling architecture obuf_v of entity unisim.OBUF [\OBUF(1,9)(1,7)(1,4)\]
Compiling architecture ibuf_v of entity unisim.IBUF [\IBUF(1,9)(1,1)(1,4)(1,7)\]
Compiling architecture structure of entity xil_defaultlib.PearsonHashing32 [pearsonhashing32_default]
Compiling architecture tb of entity xil_defaultlib.pearsonhashing128_tb
Built simulation snapshot PearsonHashing128_tb_func_impl
